2025-06-11 14:02:22,766 [INFO] Attempt 1/1 to connect to 10.1.1.2
2025-06-11 14:02:22,929 [INFO] Connected (version 2.0, client OpenSSH_8.5)
2025-06-11 14:02:23,350 [INFO] Auth banner: b'\n'
2025-06-11 14:02:23,351 [INFO] Authentication (password) successful!
2025-06-11 14:02:24,170 [INFO] [chan 0] Opened sftp connection (server version 3)
2025-06-11 14:02:24,907 [INFO] File PM.BTS-660701.20250611.170000.xml downloaded successfully.
2025-06-11 14:02:24,935 [INFO] Removed: /Userdata/proj2025/parsingkpi/kpi_zip\PM.BTS-660701.20250611.170000.xml
2025-06-11 14:02:24,936 [INFO] [chan 0] sftp session closed.
2025-06-11 14:36:25,254 [INFO] Attempt 1/1 to connect to 10.1.1.2
2025-06-11 14:36:25,416 [INFO] Connected (version 2.0, client OpenSSH_8.5)
2025-06-11 14:36:25,820 [INFO] Auth banner: b'\n'
2025-06-11 14:36:25,821 [INFO] Authentication (password) successful!
2025-06-11 14:36:26,631 [INFO] [chan 0] Opened sftp connection (server version 3)
2025-06-11 14:36:26,929 [INFO] [chan 0] sftp session closed.
2025-06-11 14:36:26,931 [INFO] Attempt 1/1 to connect to 10.1.101.2
2025-06-11 14:36:26,966 [INFO] Connected (version 2.0, client OpenSSH_8.5)
2025-06-11 14:36:27,074 [INFO] Auth banner: b'\n'
2025-06-11 14:36:27,075 [INFO] Authentication (password) successful!
2025-06-11 14:36:27,741 [INFO] [chan 0] Opened sftp connection (server version 3)
2025-06-11 14:36:27,751 [INFO] [chan 0] sftp session closed.
2025-06-11 14:36:27,752 [INFO] Attempt 1/1 to connect to 10.1.16.12
2025-06-11 14:36:27,928 [INFO] Connected (version 2.0, client OpenSSH_8.5)
2025-06-11 14:36:28,409 [INFO] Auth banner: b'\n'
2025-06-11 14:36:28,410 [INFO] Authentication (password) successful!
2025-06-11 14:36:29,246 [INFO] [chan 0] Opened sftp connection (server version 3)
2025-06-11 14:36:29,594 [INFO] [chan 0] sftp session closed.
2025-06-11 14:36:29,595 [INFO] Attempt 1/1 to connect to 10.1.16.31
2025-06-11 14:36:29,786 [INFO] Connected (version 2.0, client OpenSSH_8.5)
2025-06-11 14:36:30,303 [INFO] Auth banner: b'\n'
2025-06-11 14:36:30,304 [INFO] Authentication (password) successful!
2025-06-11 14:36:31,198 [INFO] [chan 0] Opened sftp connection (server version 3)
2025-06-11 14:36:31,571 [INFO] [chan 0] sftp session closed.
2025-06-11 14:36:31,573 [INFO] Attempt 1/1 to connect to 10.1.16.32
2025-06-11 14:36:31,756 [INFO] Connected (version 2.0, client OpenSSH_8.5)
2025-06-11 14:36:32,242 [INFO] Auth banner: b'\n'
2025-06-11 14:36:32,243 [INFO] Authentication (password) successful!
2025-06-11 14:36:33,103 [INFO] [chan 0] Opened sftp connection (server version 3)
2025-06-11 14:36:33,463 [INFO] [chan 0] sftp session closed.
2025-06-11 14:36:33,467 [INFO] Attempt 1/1 to connect to 10.1.30.2
2025-06-11 14:36:54,506 [ERROR] SSH error connecting to 10.1.30.2: Unable to connect to 10.1.30.2: [WinError 10060] A connection attempt failed because the connected party did not properly respond after a period of time, or established connection failed because connected host has failed to respond
2025-06-11 14:36:54,507 [INFO] Failed to connect to 10.1.30.2 after 1 attempts
2025-06-11 14:36:54,508 [INFO] Attempt 1/1 to connect to 10.1.35.2
2025-06-11 14:36:54,649 [INFO] Connected (version 2.0, client OpenSSH_8.5)
2025-06-11 14:36:55,036 [INFO] Auth banner: b'\n'
2025-06-11 14:36:55,036 [INFO] Authentication (password) successful!
2025-06-11 14:36:55,773 [INFO] [chan 0] Opened sftp connection (server version 3)
2025-06-11 14:36:56,027 [INFO] [chan 0] sftp session closed.
2025-06-11 14:36:56,028 [INFO] Attempt 1/1 to connect to 10.1.36.10
2025-06-11 14:36:56,332 [INFO] Connected (version 2.0, client OpenSSH_8.5)
2025-06-11 14:36:56,818 [INFO] Auth banner: b'\n'
2025-06-11 14:36:56,819 [INFO] Authentication (password) successful!
2025-06-11 14:36:57,701 [INFO] [chan 0] Opened sftp connection (server version 3)
2025-06-11 14:36:58,074 [INFO] [chan 0] sftp session closed.
2025-06-11 14:36:58,077 [INFO] Attempt 1/1 to connect to 10.1.60.2
2025-06-11 14:36:58,313 [INFO] Connected (version 2.0, client OpenSSH_8.5)
2025-06-11 14:36:58,875 [INFO] Auth banner: b'\n'
2025-06-11 14:36:58,876 [INFO] Authentication (password) successful!
2025-06-11 14:36:59,742 [INFO] [chan 0] Opened sftp connection (server version 3)
2025-06-11 14:37:00,214 [INFO] [chan 0] sftp session closed.
2025-06-11 14:37:00,217 [INFO] Attempt 1/1 to connect to 10.1.5.2
2025-06-11 14:37:21,264 [ERROR] SSH error connecting to 10.1.5.2: Unable to connect to 10.1.5.2: [WinError 10060] A connection attempt failed because the connected party did not properly respond after a period of time, or established connection failed because connected host has failed to respond
2025-06-11 14:37:21,264 [INFO] Failed to connect to 10.1.5.2 after 1 attempts
2025-06-11 14:40:33,396 [INFO] Attempt 1/1 to connect to 10.1.1.2
2025-06-11 14:40:33,563 [INFO] Connected (version 2.0, client OpenSSH_8.5)
2025-06-11 14:40:33,981 [INFO] Auth banner: b'\n'
2025-06-11 14:40:33,981 [INFO] Authentication (password) successful!
2025-06-11 14:40:34,804 [INFO] [chan 0] Opened sftp connection (server version 3)
2025-06-11 14:40:35,091 [INFO] [chan 0] sftp session closed.
2025-06-11 14:40:35,092 [INFO] Attempt 1/1 to connect to 10.1.101.2
2025-06-11 14:40:35,125 [INFO] Connected (version 2.0, client OpenSSH_8.5)
2025-06-11 14:40:35,233 [INFO] Auth banner: b'\n'
2025-06-11 14:40:35,234 [INFO] Authentication (password) successful!
2025-06-11 14:40:35,922 [INFO] [chan 0] Opened sftp connection (server version 3)
2025-06-11 14:40:35,930 [INFO] [chan 0] sftp session closed.
2025-06-11 14:40:35,931 [INFO] Attempt 1/1 to connect to 10.1.16.12
2025-06-11 14:40:36,146 [INFO] Connected (version 2.0, client OpenSSH_8.5)
2025-06-11 14:40:36,702 [INFO] Auth banner: b'\n'
2025-06-11 14:40:36,703 [INFO] Authentication (password) successful!
2025-06-11 14:40:37,511 [INFO] [chan 0] Opened sftp connection (server version 3)
2025-06-11 14:40:37,835 [INFO] [chan 0] sftp session closed.
2025-06-11 14:40:37,836 [INFO] Attempt 1/1 to connect to 10.1.16.31
2025-06-11 14:40:38,026 [INFO] Connected (version 2.0, client OpenSSH_8.5)
2025-06-11 14:40:38,522 [INFO] Auth banner: b'\n'
2025-06-11 14:40:38,523 [INFO] Authentication (password) successful!
2025-06-11 14:40:39,385 [INFO] [chan 0] Opened sftp connection (server version 3)
2025-06-11 14:40:39,744 [INFO] [chan 0] sftp session closed.
2025-06-11 14:40:39,745 [INFO] Attempt 1/1 to connect to 10.1.16.32
2025-06-11 14:40:39,935 [INFO] Connected (version 2.0, client OpenSSH_8.5)
2025-06-11 14:40:40,423 [INFO] Auth banner: b'\n'
2025-06-11 14:40:40,424 [INFO] Authentication (password) successful!
2025-06-11 14:40:41,299 [INFO] [chan 0] Opened sftp connection (server version 3)
2025-06-11 14:40:41,648 [INFO] [chan 0] sftp session closed.
2025-06-11 14:40:41,649 [INFO] Attempt 1/1 to connect to 10.1.30.2
2025-06-11 14:41:02,668 [ERROR] SSH error connecting to 10.1.30.2: Unable to connect to 10.1.30.2: [WinError 10060] A connection attempt failed because the connected party did not properly respond after a period of time, or established connection failed because connected host has failed to respond
2025-06-11 14:41:02,668 [INFO] Failed to connect to 10.1.30.2 after 1 attempts
2025-06-11 14:41:02,668 [INFO] Attempt 1/1 to connect to 10.1.35.2
2025-06-11 14:41:02,805 [INFO] Connected (version 2.0, client OpenSSH_8.5)
2025-06-11 14:41:03,174 [INFO] Auth banner: b'\n'
2025-06-11 14:41:03,175 [INFO] Authentication (password) successful!
2025-06-11 14:41:03,895 [INFO] [chan 0] Opened sftp connection (server version 3)
2025-06-11 14:41:04,164 [INFO] [chan 0] sftp session closed.
2025-06-11 14:41:04,165 [INFO] Attempt 1/1 to connect to 10.1.36.10
2025-06-11 14:41:04,347 [INFO] Connected (version 2.0, client OpenSSH_8.5)
2025-06-11 14:41:04,879 [INFO] Auth banner: b'\n'
2025-06-11 14:41:04,880 [INFO] Authentication (password) successful!
2025-06-11 14:41:05,661 [INFO] [chan 0] Opened sftp connection (server version 3)
2025-06-11 14:41:06,059 [INFO] [chan 0] sftp session closed.
2025-06-11 14:41:06,060 [INFO] Attempt 1/1 to connect to 10.1.60.2
2025-06-11 14:41:06,243 [INFO] Connected (version 2.0, client OpenSSH_8.5)
2025-06-11 14:41:06,770 [INFO] Auth banner: b'\n'
2025-06-11 14:41:06,771 [INFO] Authentication (password) successful!
2025-06-11 14:41:07,481 [INFO] [chan 0] Opened sftp connection (server version 3)
2025-06-11 14:41:07,769 [INFO] [chan 0] sftp session closed.
2025-06-11 14:41:07,770 [INFO] Attempt 1/1 to connect to 10.1.5.2
2025-06-11 14:41:07,956 [INFO] Connected (version 2.0, client OpenSSH_8.5)
2025-06-11 14:41:08,425 [INFO] Auth banner: b'\n'
2025-06-11 14:41:08,426 [INFO] Authentication (password) successful!
2025-06-11 14:41:09,337 [INFO] [chan 0] Opened sftp connection (server version 3)
2025-06-11 14:41:09,631 [INFO] [chan 0] sftp session closed.
2025-06-11 15:32:28,525 [INFO] Attempt 1/1 to connect to 10.1.1.2
2025-06-11 15:32:28,685 [INFO] Connected (version 2.0, client OpenSSH_8.5)
2025-06-11 15:32:29,109 [INFO] Auth banner: b'\n'
2025-06-11 15:32:29,109 [INFO] Authentication (password) successful!
2025-06-11 15:32:29,941 [INFO] [chan 0] Opened sftp connection (server version 3)
2025-06-11 15:32:30,227 [INFO] [chan 0] sftp session closed.
2025-06-11 15:32:30,229 [INFO] Attempt 1/1 to connect to 10.1.101.2
2025-06-11 15:32:30,269 [INFO] Connected (version 2.0, client OpenSSH_8.5)
2025-06-11 15:32:30,376 [INFO] Auth banner: b'\n'
2025-06-11 15:32:30,377 [INFO] Authentication (password) successful!
2025-06-11 15:32:31,007 [INFO] [chan 0] Opened sftp connection (server version 3)
2025-06-11 15:32:31,016 [INFO] [chan 0] sftp session closed.
2025-06-11 15:32:31,019 [INFO] Attempt 1/1 to connect to 10.1.16.12
2025-06-11 15:32:31,205 [INFO] Connected (version 2.0, client OpenSSH_8.5)
2025-06-11 15:32:31,715 [INFO] Auth banner: b'\n'
2025-06-11 15:32:31,717 [INFO] Authentication (password) successful!
2025-06-11 15:32:32,507 [INFO] [chan 0] Opened sftp connection (server version 3)
2025-06-11 15:32:32,844 [INFO] [chan 0] sftp session closed.
2025-06-11 15:32:32,845 [INFO] Attempt 1/1 to connect to 10.1.16.31
2025-06-11 15:32:33,047 [INFO] Connected (version 2.0, client OpenSSH_8.5)
2025-06-11 15:32:33,535 [INFO] Auth banner: b'\n'
2025-06-11 15:32:33,536 [INFO] Authentication (password) successful!
2025-06-11 15:32:34,440 [INFO] [chan 0] Opened sftp connection (server version 3)
2025-06-11 15:32:34,809 [INFO] [chan 0] sftp session closed.
2025-06-11 15:32:34,813 [INFO] Attempt 1/1 to connect to 10.1.16.32
2025-06-11 15:32:34,996 [INFO] Connected (version 2.0, client OpenSSH_8.5)
2025-06-11 15:32:35,485 [INFO] Auth banner: b'\n'
2025-06-11 15:32:35,486 [INFO] Authentication (password) successful!
2025-06-11 15:32:36,319 [INFO] [chan 0] Opened sftp connection (server version 3)
2025-06-11 15:32:36,666 [INFO] [chan 0] sftp session closed.
2025-06-11 15:32:36,669 [INFO] Attempt 1/1 to connect to 10.1.30.2
2025-06-11 15:32:57,711 [ERROR] SSH error connecting to 10.1.30.2: Unable to connect to 10.1.30.2: [WinError 10060] A connection attempt failed because the connected party did not properly respond after a period of time, or established connection failed because connected host has failed to respond
2025-06-11 15:32:57,712 [INFO] Failed to connect to 10.1.30.2 after 1 attempts
2025-06-11 15:32:57,713 [INFO] Attempt 1/1 to connect to 10.1.35.2
2025-06-11 15:32:57,854 [INFO] Connected (version 2.0, client OpenSSH_8.5)
2025-06-11 15:32:58,223 [INFO] Auth banner: b'\n'
2025-06-11 15:32:58,224 [INFO] Authentication (password) successful!
2025-06-11 15:32:58,893 [INFO] [chan 0] Opened sftp connection (server version 3)
2025-06-11 15:32:59,151 [INFO] [chan 0] sftp session closed.
2025-06-11 15:32:59,152 [INFO] Attempt 1/1 to connect to 10.1.36.10
2025-06-11 15:32:59,312 [INFO] Connected (version 2.0, client OpenSSH_8.5)
2025-06-11 15:32:59,813 [INFO] Auth banner: b'\n'
2025-06-11 15:32:59,814 [INFO] Authentication (password) successful!
2025-06-11 15:33:00,582 [INFO] [chan 0] Opened sftp connection (server version 3)
2025-06-11 15:33:00,915 [INFO] [chan 0] sftp session closed.
2025-06-11 15:33:00,917 [INFO] Attempt 1/1 to connect to 10.1.60.2
2025-06-11 15:33:01,169 [INFO] Connected (version 2.0, client OpenSSH_8.5)
2025-06-11 15:33:01,716 [INFO] Auth banner: b'\n'
2025-06-11 15:33:01,718 [INFO] Authentication (password) successful!
2025-06-11 15:33:02,510 [INFO] [chan 0] Opened sftp connection (server version 3)
2025-06-11 15:33:02,869 [INFO] [chan 0] sftp session closed.
2025-06-11 15:33:02,870 [INFO] Attempt 1/1 to connect to 10.1.5.2
2025-06-11 15:33:23,918 [ERROR] SSH error connecting to 10.1.5.2: Unable to connect to 10.1.5.2: [WinError 10060] A connection attempt failed because the connected party did not properly respond after a period of time, or established connection failed because connected host has failed to respond
2025-06-11 15:33:23,919 [INFO] Failed to connect to 10.1.5.2 after 1 attempts
2025-06-11 15:35:15,740 [INFO] Attempt 1/1 to connect to 10.1.1.2
2025-06-11 15:35:15,895 [INFO] Connected (version 2.0, client OpenSSH_8.5)
2025-06-11 15:35:16,298 [INFO] Auth banner: b'\n'
2025-06-11 15:35:16,298 [INFO] Authentication (password) successful!
2025-06-11 15:35:17,139 [INFO] [chan 0] Opened sftp connection (server version 3)
2025-06-11 15:35:17,420 [INFO] [chan 0] sftp session closed.
2025-06-11 15:35:17,421 [INFO] Attempt 1/1 to connect to 10.1.101.2
2025-06-11 15:35:17,455 [INFO] Connected (version 2.0, client OpenSSH_8.5)
2025-06-11 15:35:17,560 [INFO] Auth banner: b'\n'
2025-06-11 15:35:17,560 [INFO] Authentication (password) successful!
2025-06-11 15:35:18,203 [INFO] [chan 0] Opened sftp connection (server version 3)
2025-06-11 15:35:18,219 [INFO] [chan 0] sftp session closed.
2025-06-11 15:35:18,221 [INFO] Attempt 1/1 to connect to 10.1.16.12
2025-06-11 15:35:18,407 [INFO] Connected (version 2.0, client OpenSSH_8.5)
2025-06-11 15:35:18,897 [INFO] Auth banner: b'\n'
2025-06-11 15:35:18,898 [INFO] Authentication (password) successful!
2025-06-11 15:35:19,656 [INFO] [chan 0] Opened sftp connection (server version 3)
2025-06-11 15:35:20,006 [INFO] [chan 0] sftp session closed.
2025-06-11 15:35:20,008 [INFO] Attempt 1/1 to connect to 10.1.16.31
2025-06-11 15:35:20,197 [INFO] Connected (version 2.0, client OpenSSH_8.5)
2025-06-11 15:35:20,695 [INFO] Auth banner: b'\n'
2025-06-11 15:35:20,695 [INFO] Authentication (password) successful!
2025-06-11 15:35:21,577 [INFO] [chan 0] Opened sftp connection (server version 3)
2025-06-11 15:35:21,920 [INFO] [chan 0] sftp session closed.
2025-06-11 15:35:21,921 [INFO] Attempt 1/1 to connect to 10.1.16.32
2025-06-11 15:35:22,138 [INFO] Connected (version 2.0, client OpenSSH_8.5)
2025-06-11 15:35:22,627 [INFO] Auth banner: b'\n'
2025-06-11 15:35:22,628 [INFO] Authentication (password) successful!
2025-06-11 15:35:23,516 [INFO] [chan 0] Opened sftp connection (server version 3)
2025-06-11 15:35:23,898 [INFO] [chan 0] sftp session closed.
2025-06-11 15:35:23,900 [INFO] Attempt 1/1 to connect to 10.1.30.2
2025-06-11 15:35:24,106 [INFO] Connected (version 2.0, client OpenSSH_8.5)
2025-06-11 15:35:24,618 [INFO] Auth banner: b'\n'
2025-06-11 15:35:24,618 [INFO] Authentication (password) successful!
2025-06-11 15:35:25,509 [INFO] [chan 0] Opened sftp connection (server version 3)
2025-06-11 15:35:25,903 [INFO] [chan 0] sftp session closed.
2025-06-11 15:35:25,905 [INFO] Attempt 1/1 to connect to 10.1.35.2
2025-06-11 15:35:26,043 [INFO] Connected (version 2.0, client OpenSSH_8.5)
2025-06-11 15:35:26,390 [INFO] Auth banner: b'\n'
2025-06-11 15:35:26,391 [INFO] Authentication (password) successful!
2025-06-11 15:35:27,096 [INFO] [chan 0] Opened sftp connection (server version 3)
2025-06-11 15:35:27,348 [INFO] [chan 0] sftp session closed.
2025-06-11 15:35:27,350 [INFO] Attempt 1/1 to connect to 10.1.36.10
2025-06-11 15:35:27,505 [INFO] Connected (version 2.0, client OpenSSH_8.5)
2025-06-11 15:35:27,968 [INFO] Auth banner: b'\n'
2025-06-11 15:35:27,969 [INFO] Authentication (password) successful!
2025-06-11 15:35:28,728 [INFO] [chan 0] Opened sftp connection (server version 3)
2025-06-11 15:35:29,066 [INFO] [chan 0] sftp session closed.
2025-06-11 15:35:29,069 [INFO] Attempt 1/1 to connect to 10.1.60.2
2025-06-11 15:35:29,225 [INFO] Connected (version 2.0, client OpenSSH_8.5)
2025-06-11 15:35:29,703 [INFO] Auth banner: b'\n'
2025-06-11 15:35:29,704 [INFO] Authentication (password) successful!
2025-06-11 15:35:30,482 [INFO] [chan 0] Opened sftp connection (server version 3)
2025-06-11 15:35:30,829 [INFO] [chan 0] sftp session closed.
2025-06-11 15:35:30,831 [INFO] Attempt 1/1 to connect to 10.1.5.2
2025-06-11 15:35:51,890 [ERROR] SSH error connecting to 10.1.5.2: Unable to connect to 10.1.5.2: [WinError 10060] A connection attempt failed because the connected party did not properly respond after a period of time, or established connection failed because connected host has failed to respond
2025-06-11 15:35:51,891 [INFO] Failed to connect to 10.1.5.2 after 1 attempts
2025-06-11 15:40:04,600 [INFO] Attempt 1/1 to connect to 10.1.1.2
2025-06-11 15:40:04,761 [INFO] Connected (version 2.0, client OpenSSH_8.5)
2025-06-11 15:40:05,177 [INFO] Auth banner: b'\n'
2025-06-11 15:40:05,178 [INFO] Authentication (password) successful!
2025-06-11 15:40:06,016 [INFO] [chan 0] Opened sftp connection (server version 3)
2025-06-11 15:40:06,304 [INFO] [chan 0] sftp session closed.
2025-06-11 15:40:06,305 [INFO] Attempt 1/1 to connect to 10.1.101.2
2025-06-11 15:40:06,342 [INFO] Connected (version 2.0, client OpenSSH_8.5)
2025-06-11 15:40:06,449 [INFO] Auth banner: b'\n'
2025-06-11 15:40:06,450 [INFO] Authentication (password) successful!
2025-06-11 15:40:07,089 [INFO] [chan 0] Opened sftp connection (server version 3)
2025-06-11 15:40:07,098 [INFO] [chan 0] sftp session closed.
2025-06-11 15:40:07,099 [INFO] Attempt 1/1 to connect to 10.1.16.12
2025-06-11 15:40:07,285 [INFO] Connected (version 2.0, client OpenSSH_8.5)
2025-06-11 15:40:07,758 [INFO] Auth banner: b'\n'
2025-06-11 15:40:07,759 [INFO] Authentication (password) successful!
2025-06-11 15:40:08,501 [INFO] [chan 0] Opened sftp connection (server version 3)
2025-06-11 15:40:08,842 [INFO] [chan 0] sftp session closed.
2025-06-11 15:40:08,844 [INFO] Attempt 1/1 to connect to 10.1.16.31
2025-06-11 15:40:09,046 [INFO] Connected (version 2.0, client OpenSSH_8.5)
2025-06-11 15:40:09,544 [INFO] Auth banner: b'\n'
2025-06-11 15:40:09,545 [INFO] Authentication (password) successful!
2025-06-11 15:40:10,435 [INFO] [chan 0] Opened sftp connection (server version 3)
2025-06-11 15:40:10,787 [INFO] [chan 0] sftp session closed.
2025-06-11 15:40:10,788 [INFO] Attempt 1/1 to connect to 10.1.16.32
2025-06-11 15:40:10,973 [INFO] Connected (version 2.0, client OpenSSH_8.5)
2025-06-11 15:40:11,459 [INFO] Auth banner: b'\n'
2025-06-11 15:40:11,460 [INFO] Authentication (password) successful!
2025-06-11 15:40:12,359 [INFO] [chan 0] Opened sftp connection (server version 3)
2025-06-11 15:40:12,699 [INFO] [chan 0] sftp session closed.
2025-06-11 15:40:12,700 [INFO] Attempt 1/1 to connect to 10.1.30.2
2025-06-11 15:40:12,877 [INFO] Connected (version 2.0, client OpenSSH_8.5)
2025-06-11 15:40:13,339 [INFO] Auth banner: b'\n'
2025-06-11 15:40:13,339 [INFO] Authentication (password) successful!
2025-06-11 15:40:14,178 [INFO] [chan 0] Opened sftp connection (server version 3)
2025-06-11 15:40:14,522 [INFO] [chan 0] sftp session closed.
2025-06-11 15:40:14,523 [INFO] Attempt 1/1 to connect to 10.1.35.2
2025-06-11 15:40:14,667 [INFO] Connected (version 2.0, client OpenSSH_8.5)
2025-06-11 15:40:15,042 [INFO] Auth banner: b'\n'
2025-06-11 15:40:15,042 [INFO] Authentication (password) successful!
2025-06-11 15:40:15,723 [INFO] [chan 0] Opened sftp connection (server version 3)
2025-06-11 15:40:15,981 [INFO] [chan 0] sftp session closed.
2025-06-11 15:40:15,983 [INFO] Attempt 1/1 to connect to 10.1.36.10
2025-06-11 15:40:16,142 [INFO] Connected (version 2.0, client OpenSSH_8.5)
2025-06-11 15:40:16,586 [INFO] Auth banner: b'\n'
2025-06-11 15:40:16,586 [INFO] Authentication (password) successful!
2025-06-11 15:40:17,382 [INFO] [chan 0] Opened sftp connection (server version 3)
2025-06-11 15:40:17,713 [INFO] [chan 0] sftp session closed.
2025-06-11 15:40:17,714 [INFO] Attempt 1/1 to connect to 10.1.60.2
2025-06-11 15:40:17,880 [INFO] Connected (version 2.0, client OpenSSH_8.5)
2025-06-11 15:40:18,351 [INFO] Auth banner: b'\n'
2025-06-11 15:40:18,352 [INFO] Authentication (password) successful!
2025-06-11 15:40:19,074 [INFO] [chan 0] Opened sftp connection (server version 3)
2025-06-11 15:40:19,389 [INFO] [chan 0] sftp session closed.
2025-06-11 15:40:19,391 [INFO] Attempt 1/1 to connect to 10.1.5.2
2025-06-11 15:40:19,581 [INFO] Connected (version 2.0, client OpenSSH_8.5)
2025-06-11 15:40:20,108 [INFO] Auth banner: b'\n'
2025-06-11 15:40:20,109 [INFO] Authentication (password) successful!
2025-06-11 15:40:21,075 [INFO] [chan 0] Opened sftp connection (server version 3)
2025-06-11 15:40:21,381 [INFO] [chan 0] sftp session closed.
2025-06-11 15:43:02,497 [INFO] Attempt 1/1 to connect to 10.1.1.2
2025-06-11 15:43:02,658 [INFO] Connected (version 2.0, client OpenSSH_8.5)
2025-06-11 15:43:03,076 [INFO] Auth banner: b'\n'
2025-06-11 15:43:03,076 [INFO] Authentication (password) successful!
2025-06-11 15:43:03,923 [INFO] [chan 0] Opened sftp connection (server version 3)
2025-06-11 15:43:03,923 [INFO] Connecting to server 10.1.1.2...
2025-06-11 15:43:04,174 [INFO] [chan 0] sftp session closed.
2025-06-11 15:43:04,177 [INFO] Attempt 1/1 to connect to 10.1.101.2
2025-06-11 15:43:04,212 [INFO] Connected (version 2.0, client OpenSSH_8.5)
2025-06-11 15:43:04,317 [INFO] Auth banner: b'\n'
2025-06-11 15:43:04,318 [INFO] Authentication (password) successful!
2025-06-11 15:43:04,961 [INFO] [chan 0] Opened sftp connection (server version 3)
2025-06-11 15:43:04,962 [INFO] Connecting to server 10.1.101.2...
2025-06-11 15:43:04,973 [INFO] [chan 0] sftp session closed.
2025-06-11 15:43:04,975 [INFO] Attempt 1/1 to connect to 10.1.16.12
2025-06-11 15:43:05,155 [INFO] Connected (version 2.0, client OpenSSH_8.5)
2025-06-11 15:43:05,640 [INFO] Auth banner: b'\n'
2025-06-11 15:43:05,641 [INFO] Authentication (password) successful!
2025-06-11 15:43:06,400 [INFO] [chan 0] Opened sftp connection (server version 3)
2025-06-11 15:43:06,401 [INFO] Connecting to server 10.1.16.12...
2025-06-11 15:43:06,773 [INFO] [chan 0] sftp session closed.
2025-06-11 15:43:06,775 [INFO] Attempt 1/1 to connect to 10.1.16.31
2025-06-11 15:43:06,969 [INFO] Connected (version 2.0, client OpenSSH_8.5)
2025-06-11 15:43:07,488 [INFO] Auth banner: b'\n'
2025-06-11 15:43:07,488 [INFO] Authentication (password) successful!
2025-06-11 15:43:08,362 [INFO] [chan 0] Opened sftp connection (server version 3)
2025-06-11 15:43:08,363 [INFO] Connecting to server 10.1.16.31...
2025-06-11 15:43:08,718 [INFO] [chan 0] sftp session closed.
2025-06-11 15:43:08,719 [INFO] Attempt 1/1 to connect to 10.1.16.32
2025-06-11 15:43:08,906 [INFO] Connected (version 2.0, client OpenSSH_8.5)
2025-06-11 15:43:09,396 [INFO] Auth banner: b'\n'
2025-06-11 15:43:09,397 [INFO] Authentication (password) successful!
2025-06-11 15:43:10,268 [INFO] [chan 0] Opened sftp connection (server version 3)
2025-06-11 15:43:10,268 [INFO] Connecting to server 10.1.16.32...
2025-06-11 15:43:10,618 [INFO] [chan 0] sftp session closed.
2025-06-11 15:43:10,620 [INFO] Attempt 1/1 to connect to 10.1.30.2
2025-06-11 15:43:10,813 [INFO] Connected (version 2.0, client OpenSSH_8.5)
2025-06-11 15:43:11,390 [INFO] Auth banner: b'\n'
2025-06-11 15:43:11,391 [INFO] Authentication (password) successful!
2025-06-11 15:43:12,271 [INFO] [chan 0] Opened sftp connection (server version 3)
2025-06-11 15:43:12,271 [INFO] Connecting to server 10.1.30.2...
2025-06-11 15:43:12,636 [INFO] [chan 0] sftp session closed.
2025-06-11 15:43:12,639 [INFO] Attempt 1/1 to connect to 10.1.35.2
2025-06-11 15:43:12,780 [INFO] Connected (version 2.0, client OpenSSH_8.5)
2025-06-11 15:43:13,155 [INFO] Auth banner: b'\n'
2025-06-11 15:43:13,156 [INFO] Authentication (password) successful!
2025-06-11 15:43:13,910 [INFO] [chan 0] Opened sftp connection (server version 3)
2025-06-11 15:43:13,911 [INFO] Connecting to server 10.1.35.2...
2025-06-11 15:43:14,159 [INFO] [chan 0] sftp session closed.
2025-06-11 15:43:14,161 [INFO] Attempt 1/1 to connect to 10.1.36.10
2025-06-11 15:43:14,328 [INFO] Connected (version 2.0, client OpenSSH_8.5)
2025-06-11 15:43:14,772 [INFO] Auth banner: b'\n'
2025-06-11 15:43:14,772 [INFO] Authentication (password) successful!
2025-06-11 15:43:15,507 [INFO] [chan 0] Opened sftp connection (server version 3)
2025-06-11 15:43:15,507 [INFO] Connecting to server 10.1.36.10...
2025-06-11 15:43:15,822 [INFO] [chan 0] sftp session closed.
2025-06-11 15:43:15,823 [INFO] Attempt 1/1 to connect to 10.1.60.2
2025-06-11 15:43:15,988 [INFO] Connected (version 2.0, client OpenSSH_8.5)
2025-06-11 15:43:16,483 [INFO] Auth banner: b'\n'
2025-06-11 15:43:16,484 [INFO] Authentication (password) successful!
2025-06-11 15:43:17,331 [INFO] [chan 0] Opened sftp connection (server version 3)
2025-06-11 15:43:17,331 [INFO] Connecting to server 10.1.60.2...
2025-06-11 15:43:17,686 [INFO] [chan 0] sftp session closed.
2025-06-11 15:43:17,687 [INFO] Attempt 1/1 to connect to 10.1.5.2
2025-06-11 15:43:17,839 [INFO] Connected (version 2.0, client OpenSSH_8.5)
2025-06-11 15:43:18,325 [INFO] Auth banner: b'\n'
2025-06-11 15:43:18,326 [INFO] Authentication (password) successful!
2025-06-11 15:43:19,162 [INFO] [chan 0] Opened sftp connection (server version 3)
2025-06-11 15:43:19,162 [INFO] Connecting to server 10.1.5.2...
2025-06-11 15:43:19,440 [INFO] [chan 0] sftp session closed.
2025-06-11 15:51:43,135 [INFO] Attempt 1/1 to connect to 10.1.5.2
2025-06-11 15:51:58,350 [INFO] Connected (version 2.0, client OpenSSH_8.5)
2025-06-11 15:51:58,864 [INFO] Auth banner: b'\n'
2025-06-11 15:51:58,864 [INFO] Authentication (password) successful!
2025-06-11 15:51:59,280 [INFO] [chan 0] Opened sftp connection (server version 3)
2025-06-11 15:51:59,280 [INFO] Connecting to server 10.1.5.2...
2025-06-11 15:51:59,677 [INFO] [chan 0] sftp session closed.
2025-06-11 15:53:34,973 [INFO] Attempt 1/1 to connect to 10.1.5.2
2025-06-11 15:53:35,139 [INFO] Connected (version 2.0, client OpenSSH_8.5)
2025-06-11 15:53:35,611 [INFO] Auth banner: b'\n'
2025-06-11 15:53:35,612 [INFO] Authentication (password) successful!
2025-06-11 15:53:35,944 [INFO] [chan 0] Opened sftp connection (server version 3)
2025-06-11 15:53:35,944 [INFO] Connecting to server 10.1.5.2...
2025-06-11 15:53:36,278 [INFO] Downloading PM.BTS-690204.20250611.184500.LTE.raw.gz as PM.BTS-690204.20250611.184500.xml...
2025-06-11 15:53:36,860 [INFO] File PM.BTS-690204.20250611.184500.xml downloaded successfully.
2025-06-11 15:53:36,887 [INFO] Removed: /Userdata/proj2025/parsingkpi/kpi_zip\PM.BTS-690204.20250611.184500.xml
2025-06-11 15:53:36,888 [INFO] [chan 0] sftp session closed.
2025-06-11 15:53:36,919 [INFO] Processing file: /Userdata/proj2025/parsingkpi/kpi_files\PM.BTS-690204.20250611.184500.xml
2025-06-11 15:55:34,408 [INFO] Attempt 1/1 to connect to 10.1.1.2
2025-06-11 15:55:34,563 [INFO] Connected (version 2.0, client OpenSSH_8.5)
2025-06-11 15:55:34,983 [INFO] Auth banner: b'\n'
2025-06-11 15:55:34,984 [INFO] Authentication (password) successful!
2025-06-11 15:55:35,816 [INFO] [chan 0] Opened sftp connection (server version 3)
2025-06-11 15:55:35,817 [INFO] Connecting to server 10.1.1.2...
2025-06-11 15:55:36,099 [INFO] Downloading PM.BTS-660701.20250611.184500.LTE.raw.gz as PM.BTS-660701.20250611.184500.xml...
2025-06-11 15:55:36,549 [INFO] File PM.BTS-660701.20250611.184500.xml downloaded successfully.
2025-06-11 15:55:36,562 [INFO] Removed: /Userdata/proj2025/parsingkpi/kpi_zip\PM.BTS-660701.20250611.184500.xml
2025-06-11 15:55:36,563 [INFO] [chan 0] sftp session closed.
2025-06-11 15:55:36,564 [INFO] Attempt 1/1 to connect to 10.1.101.2
2025-06-11 15:55:36,597 [INFO] Connected (version 2.0, client OpenSSH_8.5)
2025-06-11 15:55:36,698 [INFO] Auth banner: b'\n'
2025-06-11 15:55:36,699 [INFO] Authentication (password) successful!
2025-06-11 15:55:36,823 [INFO] [chan 0] Opened sftp connection (server version 3)
2025-06-11 15:55:36,823 [INFO] Connecting to server 10.1.101.2...
2025-06-11 15:55:36,833 [INFO] Downloading PM.BTS-414225.20250611.184500.LTE.raw.gz as PM.BTS-414225.20250611.184500.xml...
2025-06-11 15:55:36,843 [INFO] File PM.BTS-414225.20250611.184500.xml downloaded successfully.
2025-06-11 15:55:36,866 [INFO] Removed: /Userdata/proj2025/parsingkpi/kpi_zip\PM.BTS-414225.20250611.184500.xml
2025-06-11 15:55:36,866 [INFO] [chan 0] sftp session closed.
2025-06-11 15:55:36,867 [INFO] Attempt 1/1 to connect to 10.1.16.12
2025-06-11 15:55:37,051 [INFO] Connected (version 2.0, client OpenSSH_8.5)
2025-06-11 15:55:37,523 [INFO] Auth banner: b'\n'
2025-06-11 15:55:37,524 [INFO] Authentication (password) successful!
2025-06-11 15:55:38,276 [INFO] [chan 0] Opened sftp connection (server version 3)
2025-06-11 15:55:38,276 [INFO] Connecting to server 10.1.16.12...
2025-06-11 15:55:38,617 [INFO] Downloading PM.BTS-690501.20250611.184500.LTE.raw.gz as PM.BTS-690501.20250611.184500.xml...
2025-06-11 15:55:39,158 [INFO] File PM.BTS-690501.20250611.184500.xml downloaded successfully.
2025-06-11 15:55:39,182 [INFO] Removed: /Userdata/proj2025/parsingkpi/kpi_zip\PM.BTS-690501.20250611.184500.xml
2025-06-11 15:55:39,183 [INFO] [chan 0] sftp session closed.
2025-06-11 15:55:39,185 [INFO] Attempt 1/1 to connect to 10.1.16.31
2025-06-11 15:55:39,382 [INFO] Connected (version 2.0, client OpenSSH_8.5)
2025-06-11 15:55:39,892 [INFO] Auth banner: b'\n'
2025-06-11 15:55:39,893 [INFO] Authentication (password) successful!
2025-06-11 15:55:40,762 [INFO] [chan 0] Opened sftp connection (server version 3)
2025-06-11 15:55:40,763 [INFO] Connecting to server 10.1.16.31...
2025-06-11 15:55:41,099 [INFO] Downloading PM.BTS-690503.20250611.184500.LTE.raw.gz as PM.BTS-690503.20250611.184500.xml...
2025-06-11 15:55:41,693 [INFO] File PM.BTS-690503.20250611.184500.xml downloaded successfully.
2025-06-11 15:55:41,725 [INFO] Removed: /Userdata/proj2025/parsingkpi/kpi_zip\PM.BTS-690503.20250611.184500.xml
2025-06-11 15:55:41,725 [INFO] [chan 0] sftp session closed.
2025-06-11 15:55:41,726 [INFO] Attempt 1/1 to connect to 10.1.16.32
2025-06-11 15:55:41,915 [INFO] Connected (version 2.0, client OpenSSH_8.5)
2025-06-11 15:55:42,405 [INFO] Auth banner: b'\n'
2025-06-11 15:55:42,406 [INFO] Authentication (password) successful!
2025-06-11 15:55:43,276 [INFO] [chan 0] Opened sftp connection (server version 3)
2025-06-11 15:55:43,276 [INFO] Connecting to server 10.1.16.32...
2025-06-11 15:55:43,616 [INFO] Downloading PM.BTS-690513.20250611.184500.LTE.raw.gz as PM.BTS-690513.20250611.184500.xml...
2025-06-11 15:55:44,156 [INFO] File PM.BTS-690513.20250611.184500.xml downloaded successfully.
2025-06-11 15:55:44,184 [INFO] Removed: /Userdata/proj2025/parsingkpi/kpi_zip\PM.BTS-690513.20250611.184500.xml
2025-06-11 15:55:44,184 [INFO] [chan 0] sftp session closed.
2025-06-11 15:55:44,185 [INFO] Attempt 1/1 to connect to 10.1.30.2
2025-06-11 15:55:44,365 [INFO] Connected (version 2.0, client OpenSSH_8.5)
2025-06-11 15:55:44,891 [INFO] Auth banner: b'\n'
2025-06-11 15:55:44,892 [INFO] Authentication (password) successful!
2025-06-11 15:55:45,775 [INFO] [chan 0] Opened sftp connection (server version 3)
2025-06-11 15:55:45,776 [INFO] Connecting to server 10.1.30.2...
2025-06-11 15:55:46,141 [INFO] Downloading PM.BTS-771801.20250611.184500.LTE.raw.gz as PM.BTS-771801.20250611.184500.xml...
2025-06-11 15:55:46,745 [INFO] File PM.BTS-771801.20250611.184500.xml downloaded successfully.
2025-06-11 15:55:46,765 [INFO] Removed: /Userdata/proj2025/parsingkpi/kpi_zip\PM.BTS-771801.20250611.184500.xml
2025-06-11 15:55:46,766 [INFO] [chan 0] sftp session closed.
2025-06-11 15:55:46,767 [INFO] Attempt 1/1 to connect to 10.1.35.2
2025-06-11 15:55:47,907 [INFO] Connected (version 2.0, client OpenSSH_8.5)
2025-06-11 15:55:48,269 [INFO] Auth banner: b'\n'
2025-06-11 15:55:48,270 [INFO] Authentication (password) successful!
2025-06-11 15:55:48,551 [INFO] [chan 0] Opened sftp connection (server version 3)
2025-06-11 15:55:48,553 [INFO] Connecting to server 10.1.35.2...
2025-06-11 15:55:48,805 [INFO] Downloading PM.BTS-341601.20250611.184500.LTE.raw.gz as PM.BTS-341601.20250611.184500.xml...
2025-06-11 15:55:49,203 [INFO] File PM.BTS-341601.20250611.184500.xml downloaded successfully.
2025-06-11 15:55:49,222 [INFO] Removed: /Userdata/proj2025/parsingkpi/kpi_zip\PM.BTS-341601.20250611.184500.xml
2025-06-11 15:55:49,223 [INFO] [chan 0] sftp session closed.
2025-06-11 15:55:49,224 [INFO] Attempt 1/1 to connect to 10.1.36.10
2025-06-11 15:55:49,376 [INFO] Connected (version 2.0, client OpenSSH_8.5)
2025-06-11 15:55:49,829 [INFO] Auth banner: b'\n'
2025-06-11 15:55:49,831 [INFO] Authentication (password) successful!
2025-06-11 15:55:50,626 [INFO] [chan 0] Opened sftp connection (server version 3)
2025-06-11 15:55:50,627 [INFO] Connecting to server 10.1.36.10...
2025-06-11 15:55:50,968 [INFO] Downloading PM.BTS-621901.20250611.184500.LTE.raw.gz as PM.BTS-621901.20250611.184500.xml...
2025-06-11 15:55:51,541 [INFO] File PM.BTS-621901.20250611.184500.xml downloaded successfully.
2025-06-11 15:55:51,567 [INFO] Removed: /Userdata/proj2025/parsingkpi/kpi_zip\PM.BTS-621901.20250611.184500.xml
2025-06-11 15:55:51,568 [INFO] [chan 0] sftp session closed.
2025-06-11 15:55:51,569 [INFO] Attempt 1/1 to connect to 10.1.60.2
2025-06-11 15:55:51,758 [INFO] Connected (version 2.0, client OpenSSH_8.5)
2025-06-11 15:55:52,253 [INFO] Auth banner: b'\n'
2025-06-11 15:55:52,254 [INFO] Authentication (password) successful!
2025-06-11 15:55:53,025 [INFO] [chan 0] Opened sftp connection (server version 3)
2025-06-11 15:55:53,026 [INFO] Connecting to server 10.1.60.2...
2025-06-11 15:55:53,319 [INFO] Downloading PM.BTS-772601.20250611.184500.LTE.raw.gz as PM.BTS-772601.20250611.184500.xml...
2025-06-11 15:55:53,839 [INFO] File PM.BTS-772601.20250611.184500.xml downloaded successfully.
2025-06-11 15:55:53,867 [INFO] Removed: /Userdata/proj2025/parsingkpi/kpi_zip\PM.BTS-772601.20250611.184500.xml
2025-06-11 15:55:53,867 [INFO] [chan 0] sftp session closed.
2025-06-11 15:55:53,868 [INFO] Attempt 1/1 to connect to 10.1.5.2
2025-06-11 15:55:54,045 [INFO] Connected (version 2.0, client OpenSSH_8.5)
2025-06-11 15:55:54,580 [INFO] Auth banner: b'\n'
2025-06-11 15:55:54,581 [INFO] Authentication (password) successful!
2025-06-11 15:55:54,938 [INFO] [chan 0] Opened sftp connection (server version 3)
2025-06-11 15:55:54,939 [INFO] Connecting to server 10.1.5.2...
2025-06-11 15:55:55,257 [INFO] Downloading PM.BTS-690204.20250611.184500.LTE.raw.gz as PM.BTS-690204.20250611.184500.xml...
2025-06-11 15:55:55,851 [INFO] File PM.BTS-690204.20250611.184500.xml downloaded successfully.
2025-06-11 15:55:55,874 [INFO] Removed: /Userdata/proj2025/parsingkpi/kpi_zip\PM.BTS-690204.20250611.184500.xml
2025-06-11 15:55:55,875 [INFO] [chan 0] sftp session closed.
2025-06-11 15:55:55,902 [INFO] Processing file: /Userdata/proj2025/parsingkpi/kpi_files\PM.BTS-341601.20250611.184500.xml
2025-06-11 15:55:58,633 [INFO] Processing file: /Userdata/proj2025/parsingkpi/kpi_files\PM.BTS-414225.20250611.184500.xml
2025-06-11 15:56:01,296 [INFO] Processing file: /Userdata/proj2025/parsingkpi/kpi_files\PM.BTS-621901.20250611.184500.xml
2025-06-11 15:56:04,021 [INFO] Processing file: /Userdata/proj2025/parsingkpi/kpi_files\PM.BTS-660701.20250611.184500.xml
2025-06-11 15:56:06,641 [INFO] Processing file: /Userdata/proj2025/parsingkpi/kpi_files\PM.BTS-690204.20250611.184500.xml
2025-06-11 15:56:09,203 [INFO] Processing file: /Userdata/proj2025/parsingkpi/kpi_files\PM.BTS-690501.20250611.184500.xml
2025-06-11 15:56:11,868 [INFO] Processing file: /Userdata/proj2025/parsingkpi/kpi_files\PM.BTS-690503.20250611.184500.xml
2025-06-11 15:56:14,674 [INFO] Processing file: /Userdata/proj2025/parsingkpi/kpi_files\PM.BTS-690513.20250611.184500.xml
2025-06-11 15:56:17,364 [INFO] Processing file: /Userdata/proj2025/parsingkpi/kpi_files\PM.BTS-771801.20250611.184500.xml
2025-06-11 15:56:19,912 [INFO] Processing file: /Userdata/proj2025/parsingkpi/kpi_files\PM.BTS-772601.20250611.184500.xml
2025-06-11 16:01:31,610 [INFO] Attempt 1/1 to connect to 10.1.1.2
2025-06-11 16:01:31,777 [INFO] Connected (version 2.0, client OpenSSH_8.5)
2025-06-11 16:01:32,202 [INFO] Auth banner: b'\n'
2025-06-11 16:01:32,203 [INFO] Authentication (password) successful!
2025-06-11 16:01:33,038 [INFO] [chan 0] Opened sftp connection (server version 3)
2025-06-11 16:01:33,038 [INFO] Connecting to server 10.1.1.2...
2025-06-11 16:01:33,334 [INFO] Downloading PM.BTS-660701.20250611.190000.LTE.raw.gz as PM.BTS-660701.20250611.190000.xml...
2025-06-11 16:01:33,782 [INFO] File PM.BTS-660701.20250611.190000.xml downloaded successfully.
2025-06-11 16:01:33,800 [INFO] Removed: /Userdata/proj2025/parsingkpi/kpi_zip\PM.BTS-660701.20250611.190000.xml
2025-06-11 16:01:33,800 [INFO] [chan 0] sftp session closed.
2025-06-11 16:01:33,802 [INFO] Attempt 1/1 to connect to 10.1.101.2
2025-06-11 16:01:33,836 [INFO] Connected (version 2.0, client OpenSSH_8.5)
2025-06-11 16:01:33,938 [INFO] Auth banner: b'\n'
2025-06-11 16:01:33,939 [INFO] Authentication (password) successful!
2025-06-11 16:01:34,046 [INFO] [chan 0] Opened sftp connection (server version 3)
2025-06-11 16:01:34,046 [INFO] Connecting to server 10.1.101.2...
2025-06-11 16:01:34,055 [INFO] Downloading PM.BTS-414225.20250611.190000.LTE.raw.gz as PM.BTS-414225.20250611.190000.xml...
2025-06-11 16:01:34,066 [INFO] File PM.BTS-414225.20250611.190000.xml downloaded successfully.
2025-06-11 16:01:34,092 [INFO] Removed: /Userdata/proj2025/parsingkpi/kpi_zip\PM.BTS-414225.20250611.190000.xml
2025-06-11 16:01:34,092 [INFO] [chan 0] sftp session closed.
2025-06-11 16:01:34,093 [INFO] Attempt 1/1 to connect to 10.1.16.12
2025-06-11 16:01:34,277 [INFO] Connected (version 2.0, client OpenSSH_8.5)
2025-06-11 16:01:34,758 [INFO] Auth banner: b'\n'
2025-06-11 16:01:34,758 [INFO] Authentication (password) successful!
2025-06-11 16:01:35,528 [INFO] [chan 0] Opened sftp connection (server version 3)
2025-06-11 16:01:35,530 [INFO] Connecting to server 10.1.16.12...
2025-06-11 16:01:35,838 [INFO] Downloading PM.BTS-690501.20250611.190000.LTE.raw.gz as PM.BTS-690501.20250611.190000.xml...
2025-06-11 16:01:36,373 [INFO] File PM.BTS-690501.20250611.190000.xml downloaded successfully.
2025-06-11 16:01:36,396 [INFO] Removed: /Userdata/proj2025/parsingkpi/kpi_zip\PM.BTS-690501.20250611.190000.xml
2025-06-11 16:01:36,397 [INFO] [chan 0] sftp session closed.
2025-06-11 16:01:36,398 [INFO] Attempt 1/1 to connect to 10.1.16.31
2025-06-11 16:01:36,595 [INFO] Connected (version 2.0, client OpenSSH_8.5)
2025-06-11 16:01:37,100 [INFO] Auth banner: b'\n'
2025-06-11 16:01:37,103 [INFO] Authentication (password) successful!
2025-06-11 16:01:37,984 [INFO] [chan 0] Opened sftp connection (server version 3)
2025-06-11 16:01:37,985 [INFO] Connecting to server 10.1.16.31...
2025-06-11 16:01:38,323 [INFO] Downloading PM.BTS-690503.20250611.190000.LTE.raw.gz as PM.BTS-690503.20250611.190000.xml...
2025-06-11 16:01:38,915 [INFO] File PM.BTS-690503.20250611.190000.xml downloaded successfully.
2025-06-11 16:01:38,937 [INFO] Removed: /Userdata/proj2025/parsingkpi/kpi_zip\PM.BTS-690503.20250611.190000.xml
2025-06-11 16:01:38,937 [INFO] [chan 0] sftp session closed.
2025-06-11 16:01:38,938 [INFO] Attempt 1/1 to connect to 10.1.16.32
2025-06-11 16:01:39,120 [INFO] Connected (version 2.0, client OpenSSH_8.5)
2025-06-11 16:01:39,613 [INFO] Auth banner: b'\n'
2025-06-11 16:01:39,614 [INFO] Authentication (password) successful!
2025-06-11 16:01:40,488 [INFO] [chan 0] Opened sftp connection (server version 3)
2025-06-11 16:01:40,489 [INFO] Connecting to server 10.1.16.32...
2025-06-11 16:01:40,834 [INFO] Downloading PM.BTS-690513.20250611.190000.LTE.raw.gz as PM.BTS-690513.20250611.190000.xml...
2025-06-11 16:01:41,390 [INFO] File PM.BTS-690513.20250611.190000.xml downloaded successfully.
2025-06-11 16:01:41,418 [INFO] Removed: /Userdata/proj2025/parsingkpi/kpi_zip\PM.BTS-690513.20250611.190000.xml
2025-06-11 16:01:41,418 [INFO] [chan 0] sftp session closed.
2025-06-11 16:01:41,419 [INFO] Attempt 1/1 to connect to 10.1.30.2
2025-06-11 16:01:41,584 [INFO] Connected (version 2.0, client OpenSSH_8.5)
2025-06-11 16:01:42,058 [INFO] Auth banner: b'\n'
2025-06-11 16:01:42,059 [INFO] Authentication (password) successful!
2025-06-11 16:01:42,894 [INFO] [chan 0] Opened sftp connection (server version 3)
2025-06-11 16:01:42,895 [INFO] Connecting to server 10.1.30.2...
2025-06-11 16:01:43,219 [INFO] Downloading PM.BTS-771801.20250611.190000.LTE.raw.gz as PM.BTS-771801.20250611.190000.xml...
2025-06-11 16:01:43,759 [INFO] File PM.BTS-771801.20250611.190000.xml downloaded successfully.
2025-06-11 16:01:43,784 [INFO] Removed: /Userdata/proj2025/parsingkpi/kpi_zip\PM.BTS-771801.20250611.190000.xml
2025-06-11 16:01:43,784 [INFO] [chan 0] sftp session closed.
2025-06-11 16:01:43,785 [INFO] Attempt 1/1 to connect to 10.1.35.2
2025-06-11 16:01:43,928 [INFO] Connected (version 2.0, client OpenSSH_8.5)
2025-06-11 16:01:44,308 [INFO] Auth banner: b'\n'
2025-06-11 16:01:44,308 [INFO] Authentication (password) successful!
2025-06-11 16:01:44,583 [INFO] [chan 0] Opened sftp connection (server version 3)
2025-06-11 16:01:44,585 [INFO] Connecting to server 10.1.35.2...
2025-06-11 16:01:44,846 [INFO] Downloading PM.BTS-341601.20250611.190000.LTE.raw.gz as PM.BTS-341601.20250611.190000.xml...
2025-06-11 16:01:45,240 [INFO] File PM.BTS-341601.20250611.190000.xml downloaded successfully.
2025-06-11 16:01:45,268 [INFO] Removed: /Userdata/proj2025/parsingkpi/kpi_zip\PM.BTS-341601.20250611.190000.xml
2025-06-11 16:01:45,268 [INFO] [chan 0] sftp session closed.
2025-06-11 16:01:45,269 [INFO] Attempt 1/1 to connect to 10.1.36.10
2025-06-11 16:01:45,422 [INFO] Connected (version 2.0, client OpenSSH_8.5)
2025-06-11 16:01:45,863 [INFO] Auth banner: b'\n'
2025-06-11 16:01:45,865 [INFO] Authentication (password) successful!
2025-06-11 16:01:46,673 [INFO] [chan 0] Opened sftp connection (server version 3)
2025-06-11 16:01:46,674 [INFO] Connecting to server 10.1.36.10...
2025-06-11 16:01:46,986 [INFO] Downloading PM.BTS-621901.20250611.190000.LTE.raw.gz as PM.BTS-621901.20250611.190000.xml...
2025-06-11 16:01:47,470 [INFO] File PM.BTS-621901.20250611.190000.xml downloaded successfully.
2025-06-11 16:01:47,492 [INFO] Removed: /Userdata/proj2025/parsingkpi/kpi_zip\PM.BTS-621901.20250611.190000.xml
2025-06-11 16:01:47,492 [INFO] [chan 0] sftp session closed.
2025-06-11 16:01:47,493 [INFO] Attempt 1/1 to connect to 10.1.60.2
2025-06-11 16:01:47,640 [INFO] Connected (version 2.0, client OpenSSH_8.5)
2025-06-11 16:01:48,089 [INFO] Auth banner: b'\n'
2025-06-11 16:01:48,090 [INFO] Authentication (password) successful!
2025-06-11 16:01:48,850 [INFO] [chan 0] Opened sftp connection (server version 3)
2025-06-11 16:01:48,851 [INFO] Connecting to server 10.1.60.2...
2025-06-11 16:01:49,155 [INFO] Downloading PM.BTS-772601.20250611.190000.LTE.raw.gz as PM.BTS-772601.20250611.190000.xml...
2025-06-11 16:01:49,689 [INFO] File PM.BTS-772601.20250611.190000.xml downloaded successfully.
2025-06-11 16:01:49,707 [INFO] Removed: /Userdata/proj2025/parsingkpi/kpi_zip\PM.BTS-772601.20250611.190000.xml
2025-06-11 16:01:49,708 [INFO] [chan 0] sftp session closed.
2025-06-11 16:01:49,708 [INFO] Attempt 1/1 to connect to 10.1.5.2
2025-06-11 16:01:49,881 [INFO] Connected (version 2.0, client OpenSSH_8.5)
2025-06-11 16:01:50,322 [INFO] Auth banner: b'\n'
2025-06-11 16:01:50,322 [INFO] Authentication (password) successful!
2025-06-11 16:01:50,657 [INFO] [chan 0] Opened sftp connection (server version 3)
2025-06-11 16:01:50,657 [INFO] Connecting to server 10.1.5.2...
2025-06-11 16:01:50,948 [INFO] Downloading PM.BTS-690204.20250611.190000.LTE.raw.gz as PM.BTS-690204.20250611.190000.xml...
2025-06-11 16:01:51,518 [INFO] File PM.BTS-690204.20250611.190000.xml downloaded successfully.
2025-06-11 16:01:51,540 [INFO] Removed: /Userdata/proj2025/parsingkpi/kpi_zip\PM.BTS-690204.20250611.190000.xml
2025-06-11 16:01:51,541 [INFO] [chan 0] sftp session closed.
2025-06-11 16:01:51,572 [INFO] Processing file: /Userdata/proj2025/parsingkpi/kpi_files\PM.BTS-341601.20250611.190000.xml
2025-06-11 16:01:54,530 [INFO] Processing file: /Userdata/proj2025/parsingkpi/kpi_files\PM.BTS-414225.20250611.190000.xml
2025-06-11 16:01:57,038 [INFO] Processing file: /Userdata/proj2025/parsingkpi/kpi_files\PM.BTS-621901.20250611.190000.xml
2025-06-11 16:01:59,555 [INFO] Processing file: /Userdata/proj2025/parsingkpi/kpi_files\PM.BTS-660701.20250611.190000.xml
2025-06-11 16:02:02,064 [INFO] Processing file: /Userdata/proj2025/parsingkpi/kpi_files\PM.BTS-690204.20250611.190000.xml
2025-06-11 16:02:05,113 [INFO] Processing file: /Userdata/proj2025/parsingkpi/kpi_files\PM.BTS-690501.20250611.190000.xml
2025-06-11 16:02:08,332 [INFO] Processing file: /Userdata/proj2025/parsingkpi/kpi_files\PM.BTS-690503.20250611.190000.xml
2025-06-11 16:02:11,075 [INFO] Processing file: /Userdata/proj2025/parsingkpi/kpi_files\PM.BTS-690513.20250611.190000.xml
2025-06-11 16:02:14,184 [INFO] Processing file: /Userdata/proj2025/parsingkpi/kpi_files\PM.BTS-771801.20250611.190000.xml
2025-06-11 16:02:17,342 [INFO] Processing file: /Userdata/proj2025/parsingkpi/kpi_files\PM.BTS-772601.20250611.190000.xml
2025-06-11 16:29:35,188 [INFO] Attempt 1/1 to connect to 10.1.1.2
2025-06-11 16:29:56,241 [ERROR] SSH error connecting to 10.1.1.2: Unable to connect to 10.1.1.2: [WinError 10060] A connection attempt failed because the connected party did not properly respond after a period of time, or established connection failed because connected host has failed to respond
2025-06-11 16:29:56,242 [INFO] Failed to connect to 10.1.1.2 after 1 attempts
2025-06-11 16:29:56,242 [INFO] Attempt 1/1 to connect to 10.1.101.2
2025-06-11 16:29:56,278 [INFO] Connected (version 2.0, client OpenSSH_8.5)
2025-06-11 16:29:56,384 [INFO] Auth banner: b'\n'
2025-06-11 16:29:56,385 [INFO] Authentication (password) successful!
2025-06-11 16:29:56,507 [INFO] [chan 0] Opened sftp connection (server version 3)
2025-06-11 16:29:56,507 [INFO] Connecting to server 10.1.101.2...
2025-06-11 16:29:56,516 [INFO] [chan 0] sftp session closed.
2025-06-11 16:29:56,521 [INFO] Attempt 1/1 to connect to 10.1.16.12
2025-06-11 16:29:56,718 [INFO] Connected (version 2.0, client OpenSSH_8.5)
2025-06-11 16:29:57,215 [INFO] Auth banner: b'\n'
2025-06-11 16:29:57,216 [INFO] Authentication (password) successful!
2025-06-11 16:29:58,272 [INFO] [chan 0] Opened sftp connection (server version 3)
2025-06-11 16:29:58,274 [INFO] Connecting to server 10.1.16.12...
2025-06-11 16:29:58,616 [INFO] [chan 0] sftp session closed.
2025-06-11 16:29:58,618 [INFO] Attempt 1/1 to connect to 10.1.16.31
2025-06-11 16:29:58,812 [INFO] Connected (version 2.0, client OpenSSH_8.5)
2025-06-11 16:29:59,331 [INFO] Auth banner: b'\n'
2025-06-11 16:29:59,332 [INFO] Authentication (password) successful!
2025-06-11 16:30:00,379 [INFO] [chan 0] Opened sftp connection (server version 3)
2025-06-11 16:30:00,380 [INFO] Connecting to server 10.1.16.31...
2025-06-11 16:30:00,734 [INFO] [chan 0] sftp session closed.
2025-06-11 16:30:00,735 [INFO] Attempt 1/1 to connect to 10.1.16.32
2025-06-11 16:30:00,920 [INFO] Connected (version 2.0, client OpenSSH_8.5)
2025-06-11 16:30:01,418 [INFO] Auth banner: b'\n'
2025-06-11 16:30:01,419 [INFO] Authentication (password) successful!
2025-06-11 16:30:02,287 [INFO] [chan 0] Opened sftp connection (server version 3)
2025-06-11 16:30:02,289 [INFO] Connecting to server 10.1.16.32...
2025-06-11 16:30:02,641 [INFO] [chan 0] sftp session closed.
2025-06-11 16:30:02,643 [INFO] Attempt 1/1 to connect to 10.1.30.2
2025-06-11 16:30:02,815 [INFO] Connected (version 2.0, client OpenSSH_8.5)
2025-06-11 16:30:03,343 [INFO] Auth banner: b'\n'
2025-06-11 16:30:03,344 [INFO] Authentication (password) successful!
2025-06-11 16:30:04,197 [INFO] [chan 0] Opened sftp connection (server version 3)
2025-06-11 16:30:04,197 [INFO] Connecting to server 10.1.30.2...
2025-06-11 16:30:04,549 [INFO] [chan 0] sftp session closed.
2025-06-11 16:30:04,551 [INFO] Attempt 1/1 to connect to 10.1.35.2
2025-06-11 16:30:04,692 [INFO] Connected (version 2.0, client OpenSSH_8.5)
2025-06-11 16:30:05,070 [INFO] Auth banner: b'\n'
2025-06-11 16:30:05,071 [INFO] Authentication (password) successful!
2025-06-11 16:30:05,353 [INFO] [chan 0] Opened sftp connection (server version 3)
2025-06-11 16:30:05,353 [INFO] Connecting to server 10.1.35.2...
2025-06-11 16:30:05,582 [INFO] [chan 0] sftp session closed.
2025-06-11 16:30:05,585 [INFO] Attempt 1/1 to connect to 10.1.36.10
2025-06-11 16:30:05,750 [INFO] Connected (version 2.0, client OpenSSH_8.5)
2025-06-11 16:30:06,198 [INFO] Auth banner: b'\n'
2025-06-11 16:30:06,199 [INFO] Authentication (password) successful!
2025-06-11 16:30:06,956 [INFO] [chan 0] Opened sftp connection (server version 3)
2025-06-11 16:30:06,957 [INFO] Connecting to server 10.1.36.10...
2025-06-11 16:30:07,288 [INFO] [chan 0] sftp session closed.
2025-06-11 16:30:07,289 [INFO] Attempt 1/1 to connect to 10.1.60.2
2025-06-11 16:30:07,582 [INFO] Connected (version 2.0, client OpenSSH_8.5)
2025-06-11 16:30:08,107 [INFO] Auth banner: b'\n'
2025-06-11 16:30:08,108 [INFO] Authentication (password) successful!
2025-06-11 16:30:08,891 [INFO] [chan 0] Opened sftp connection (server version 3)
2025-06-11 16:30:08,891 [INFO] Connecting to server 10.1.60.2...
2025-06-11 16:30:09,311 [INFO] [chan 0] sftp session closed.
2025-06-11 16:30:09,313 [INFO] Attempt 1/1 to connect to 10.1.5.2
2025-06-11 16:30:16,831 [INFO] Connected (version 2.0, client OpenSSH_8.5)
2025-06-11 16:30:17,330 [INFO] Auth banner: b'\n'
2025-06-11 16:30:17,331 [INFO] Authentication (password) successful!
2025-06-11 16:30:17,709 [INFO] [chan 0] Opened sftp connection (server version 3)
2025-06-11 16:30:17,709 [INFO] Connecting to server 10.1.5.2...
2025-06-11 16:30:18,025 [INFO] [chan 0] sftp session closed.
2025-06-11 16:31:44,119 [INFO] Attempt 1/1 to connect to 10.1.1.2
2025-06-11 16:32:05,162 [ERROR] SSH error connecting to 10.1.1.2: Unable to connect to 10.1.1.2: [WinError 10060] A connection attempt failed because the connected party did not properly respond after a period of time, or established connection failed because connected host has failed to respond
2025-06-11 16:32:05,163 [INFO] Failed to connect to 10.1.1.2 after 1 attempts
2025-06-11 16:32:05,164 [INFO] Attempt 1/1 to connect to 10.1.101.2
2025-06-11 16:32:05,198 [INFO] Connected (version 2.0, client OpenSSH_8.5)
2025-06-11 16:32:05,300 [INFO] Auth banner: b'\n'
2025-06-11 16:32:05,301 [INFO] Authentication (password) successful!
2025-06-11 16:32:05,411 [INFO] [chan 0] Opened sftp connection (server version 3)
2025-06-11 16:32:05,412 [INFO] Connecting to server 10.1.101.2...
2025-06-11 16:32:05,423 [INFO] Downloading PM.BTS-414225.20250611.193000.LTE.raw.gz as PM.BTS-414225.20250611.193000.xml...
2025-06-11 16:32:05,440 [INFO] File PM.BTS-414225.20250611.193000.xml downloaded successfully.
2025-06-11 16:32:05,465 [INFO] Removed: /Userdata/proj2025/parsingkpi/kpi_zip\PM.BTS-414225.20250611.193000.xml
2025-06-11 16:32:05,465 [INFO] [chan 0] sftp session closed.
2025-06-11 16:32:05,466 [INFO] Attempt 1/1 to connect to 10.1.16.12
2025-06-11 16:32:05,660 [INFO] Connected (version 2.0, client OpenSSH_8.5)
2025-06-11 16:32:06,152 [INFO] Auth banner: b'\n'
2025-06-11 16:32:06,153 [INFO] Authentication (password) successful!
2025-06-11 16:32:06,909 [INFO] [chan 0] Opened sftp connection (server version 3)
2025-06-11 16:32:06,910 [INFO] Connecting to server 10.1.16.12...
2025-06-11 16:32:07,248 [INFO] Downloading PM.BTS-690501.20250611.193000.LTE.raw.gz as PM.BTS-690501.20250611.193000.xml...
2025-06-11 16:32:07,794 [INFO] File PM.BTS-690501.20250611.193000.xml downloaded successfully.
2025-06-11 16:32:07,812 [INFO] Removed: /Userdata/proj2025/parsingkpi/kpi_zip\PM.BTS-690501.20250611.193000.xml
2025-06-11 16:32:07,812 [INFO] [chan 0] sftp session closed.
2025-06-11 16:32:07,813 [INFO] Attempt 1/1 to connect to 10.1.16.31
2025-06-11 16:32:08,010 [INFO] Connected (version 2.0, client OpenSSH_8.5)
2025-06-11 16:32:08,678 [INFO] Auth banner: b'\n'
2025-06-11 16:32:08,679 [INFO] Authentication (password) successful!
2025-06-11 16:32:09,560 [INFO] [chan 0] Opened sftp connection (server version 3)
2025-06-11 16:32:09,560 [INFO] Connecting to server 10.1.16.31...
2025-06-11 16:32:09,923 [INFO] Downloading PM.BTS-690503.20250611.193000.LTE.raw.gz as PM.BTS-690503.20250611.193000.xml...
2025-06-11 16:32:10,505 [INFO] File PM.BTS-690503.20250611.193000.xml downloaded successfully.
2025-06-11 16:32:10,529 [INFO] Removed: /Userdata/proj2025/parsingkpi/kpi_zip\PM.BTS-690503.20250611.193000.xml
2025-06-11 16:32:10,530 [INFO] [chan 0] sftp session closed.
2025-06-11 16:32:10,533 [INFO] Attempt 1/1 to connect to 10.1.16.32
2025-06-11 16:32:10,736 [INFO] Connected (version 2.0, client OpenSSH_8.5)
2025-06-11 16:32:11,228 [INFO] Auth banner: b'\n'
2025-06-11 16:32:11,229 [INFO] Authentication (password) successful!
2025-06-11 16:32:12,083 [INFO] [chan 0] Opened sftp connection (server version 3)
2025-06-11 16:32:12,083 [INFO] Connecting to server 10.1.16.32...
2025-06-11 16:32:12,402 [INFO] Downloading PM.BTS-690513.20250611.193000.LTE.raw.gz as PM.BTS-690513.20250611.193000.xml...
2025-06-11 16:32:12,973 [INFO] File PM.BTS-690513.20250611.193000.xml downloaded successfully.
2025-06-11 16:32:12,999 [INFO] Removed: /Userdata/proj2025/parsingkpi/kpi_zip\PM.BTS-690513.20250611.193000.xml
2025-06-11 16:32:13,000 [INFO] [chan 0] sftp session closed.
2025-06-11 16:32:13,001 [INFO] Attempt 1/1 to connect to 10.1.30.2
2025-06-11 16:32:13,164 [INFO] Connected (version 2.0, client OpenSSH_8.5)
2025-06-11 16:32:13,621 [INFO] Auth banner: b'\n'
2025-06-11 16:32:13,621 [INFO] Authentication (password) successful!
2025-06-11 16:32:14,464 [INFO] [chan 0] Opened sftp connection (server version 3)
2025-06-11 16:32:14,465 [INFO] Connecting to server 10.1.30.2...
2025-06-11 16:32:14,765 [INFO] Downloading PM.BTS-771801.20250611.193000.LTE.raw.gz as PM.BTS-771801.20250611.193000.xml...
2025-06-11 16:32:15,280 [INFO] File PM.BTS-771801.20250611.193000.xml downloaded successfully.
2025-06-11 16:32:15,304 [INFO] Removed: /Userdata/proj2025/parsingkpi/kpi_zip\PM.BTS-771801.20250611.193000.xml
2025-06-11 16:32:15,305 [INFO] [chan 0] sftp session closed.
2025-06-11 16:32:15,307 [INFO] Attempt 1/1 to connect to 10.1.35.2
2025-06-11 16:32:15,454 [INFO] Connected (version 2.0, client OpenSSH_8.5)
2025-06-11 16:32:15,828 [INFO] Auth banner: b'\n'
2025-06-11 16:32:15,829 [INFO] Authentication (password) successful!
2025-06-11 16:32:16,103 [INFO] [chan 0] Opened sftp connection (server version 3)
2025-06-11 16:32:16,104 [INFO] Connecting to server 10.1.35.2...
2025-06-11 16:32:16,362 [INFO] Downloading PM.BTS-341601.20250611.193000.LTE.raw.gz as PM.BTS-341601.20250611.193000.xml...
2025-06-11 16:32:16,758 [INFO] File PM.BTS-341601.20250611.193000.xml downloaded successfully.
2025-06-11 16:32:16,780 [INFO] Removed: /Userdata/proj2025/parsingkpi/kpi_zip\PM.BTS-341601.20250611.193000.xml
2025-06-11 16:32:16,781 [INFO] [chan 0] sftp session closed.
2025-06-11 16:32:16,783 [INFO] Attempt 1/1 to connect to 10.1.36.10
2025-06-11 16:32:16,950 [INFO] Connected (version 2.0, client OpenSSH_8.5)
2025-06-11 16:32:17,467 [INFO] Auth banner: b'\n'
2025-06-11 16:32:17,468 [INFO] Authentication (password) successful!
2025-06-11 16:32:17,890 [INFO] [chan 0] Opened sftp connection (server version 3)
2025-06-11 16:32:17,890 [INFO] Connecting to server 10.1.36.10...
2025-06-11 16:32:18,231 [INFO] Downloading PM.BTS-621901.20250611.193000.LTE.raw.gz as PM.BTS-621901.20250611.193000.xml...
2025-06-11 16:32:18,773 [INFO] File PM.BTS-621901.20250611.193000.xml downloaded successfully.
2025-06-11 16:32:18,798 [INFO] Removed: /Userdata/proj2025/parsingkpi/kpi_zip\PM.BTS-621901.20250611.193000.xml
2025-06-11 16:32:18,798 [INFO] [chan 0] sftp session closed.
2025-06-11 16:32:18,799 [INFO] Attempt 1/1 to connect to 10.1.60.2
2025-06-11 16:32:18,972 [INFO] Connected (version 2.0, client OpenSSH_8.5)
2025-06-11 16:32:19,507 [INFO] Auth banner: b'\n'
2025-06-11 16:32:19,507 [INFO] Authentication (password) successful!
2025-06-11 16:32:19,874 [INFO] [chan 0] Opened sftp connection (server version 3)
2025-06-11 16:32:19,874 [INFO] Connecting to server 10.1.60.2...
2025-06-11 16:32:20,237 [INFO] Downloading PM.BTS-772601.20250611.193000.LTE.raw.gz as PM.BTS-772601.20250611.193000.xml...
2025-06-11 16:32:20,792 [INFO] File PM.BTS-772601.20250611.193000.xml downloaded successfully.
2025-06-11 16:32:20,818 [INFO] Removed: /Userdata/proj2025/parsingkpi/kpi_zip\PM.BTS-772601.20250611.193000.xml
2025-06-11 16:32:20,818 [INFO] [chan 0] sftp session closed.
2025-06-11 16:32:20,821 [INFO] Attempt 1/1 to connect to 10.1.5.2
2025-06-11 16:32:20,995 [INFO] Connected (version 2.0, client OpenSSH_8.5)
2025-06-11 16:32:21,491 [INFO] Auth banner: b'\n'
2025-06-11 16:32:21,492 [INFO] Authentication (password) successful!
2025-06-11 16:32:21,854 [INFO] [chan 0] Opened sftp connection (server version 3)
2025-06-11 16:32:21,855 [INFO] Connecting to server 10.1.5.2...
2025-06-11 16:32:22,166 [INFO] Downloading PM.BTS-690204.20250611.193000.LTE.raw.gz as PM.BTS-690204.20250611.193000.xml...
2025-06-11 16:32:22,709 [INFO] File PM.BTS-690204.20250611.193000.xml downloaded successfully.
2025-06-11 16:32:22,756 [INFO] Removed: /Userdata/proj2025/parsingkpi/kpi_zip\PM.BTS-690204.20250611.193000.xml
2025-06-11 16:32:22,758 [INFO] [chan 0] sftp session closed.
2025-06-11 16:32:22,823 [INFO] Processing file: /Userdata/proj2025/parsingkpi/kpi_files\PM.BTS-341601.20250611.193000.xml
2025-06-11 16:32:27,630 [INFO] Processing file: /Userdata/proj2025/parsingkpi/kpi_files\PM.BTS-414225.20250611.193000.xml
2025-06-11 16:32:31,139 [INFO] Processing file: /Userdata/proj2025/parsingkpi/kpi_files\PM.BTS-621901.20250611.193000.xml
2025-06-11 16:32:34,890 [INFO] Processing file: /Userdata/proj2025/parsingkpi/kpi_files\PM.BTS-690204.20250611.193000.xml
2025-06-11 16:32:38,707 [INFO] Processing file: /Userdata/proj2025/parsingkpi/kpi_files\PM.BTS-690501.20250611.193000.xml
2025-06-11 16:32:42,117 [INFO] Processing file: /Userdata/proj2025/parsingkpi/kpi_files\PM.BTS-690503.20250611.193000.xml
2025-06-11 16:32:45,573 [INFO] Processing file: /Userdata/proj2025/parsingkpi/kpi_files\PM.BTS-690513.20250611.193000.xml
2025-06-11 16:32:49,386 [INFO] Processing file: /Userdata/proj2025/parsingkpi/kpi_files\PM.BTS-771801.20250611.193000.xml
2025-06-11 16:32:52,511 [INFO] Processing file: /Userdata/proj2025/parsingkpi/kpi_files\PM.BTS-772601.20250611.193000.xml
2025-06-11 17:11:10,295 [INFO] Attempt 1/1 to connect to 10.1.1.2
2025-06-11 17:11:31,350 [ERROR] SSH error connecting to 10.1.1.2: Unable to connect to 10.1.1.2: [WinError 10060] A connection attempt failed because the connected party did not properly respond after a period of time, or established connection failed because connected host has failed to respond
2025-06-11 17:11:31,351 [INFO] Failed to connect to 10.1.1.2 after 1 attempts
2025-06-11 17:11:31,352 [INFO] Attempt 1/1 to connect to 10.1.101.2
2025-06-11 17:11:31,388 [INFO] Connected (version 2.0, client OpenSSH_8.5)
2025-06-11 17:11:31,504 [INFO] Auth banner: b'\n'
2025-06-11 17:11:31,507 [INFO] Authentication (password) successful!
2025-06-11 17:11:32,114 [INFO] [chan 0] Opened sftp connection (server version 3)
2025-06-11 17:11:32,114 [INFO] Connecting to server 10.1.101.2...
2025-06-11 17:11:32,121 [INFO] Downloading PM.BTS-414225.20250611.200000.LTE.raw.gz as PM.BTS-414225.20250611.200000.xml...
2025-06-11 17:11:32,134 [INFO] File PM.BTS-414225.20250611.200000.xml downloaded successfully.
2025-06-11 17:11:32,148 [INFO] Removed: /Userdata/proj2025/parsingkpi/kpi_zip\PM.BTS-414225.20250611.200000.xml
2025-06-11 17:11:32,148 [INFO] [chan 0] sftp session closed.
2025-06-11 17:11:32,149 [INFO] Attempt 1/1 to connect to 10.1.16.12
2025-06-11 17:11:32,336 [INFO] Connected (version 2.0, client OpenSSH_8.5)
2025-06-11 17:11:32,853 [INFO] Auth banner: b'\n'
2025-06-11 17:11:32,854 [INFO] Authentication (password) successful!
2025-06-11 17:11:33,611 [INFO] [chan 0] Opened sftp connection (server version 3)
2025-06-11 17:11:33,613 [INFO] Connecting to server 10.1.16.12...
2025-06-11 17:11:33,978 [INFO] Downloading PM.BTS-690501.20250611.200000.LTE.raw.gz as PM.BTS-690501.20250611.200000.xml...
2025-06-11 17:11:34,556 [INFO] File PM.BTS-690501.20250611.200000.xml downloaded successfully.
2025-06-11 17:11:34,583 [INFO] Removed: /Userdata/proj2025/parsingkpi/kpi_zip\PM.BTS-690501.20250611.200000.xml
2025-06-11 17:11:34,584 [INFO] [chan 0] sftp session closed.
2025-06-11 17:11:34,585 [INFO] Attempt 1/1 to connect to 10.1.16.31
2025-06-11 17:11:34,787 [INFO] Connected (version 2.0, client OpenSSH_8.5)
2025-06-11 17:11:35,317 [INFO] Auth banner: b'\n'
2025-06-11 17:11:35,317 [INFO] Authentication (password) successful!
2025-06-11 17:11:36,220 [INFO] [chan 0] Opened sftp connection (server version 3)
2025-06-11 17:11:36,220 [INFO] Connecting to server 10.1.16.31...
2025-06-11 17:11:36,600 [INFO] Downloading PM.BTS-690503.20250611.200000.LTE.raw.gz as PM.BTS-690503.20250611.200000.xml...
2025-06-11 17:11:37,258 [INFO] File PM.BTS-690503.20250611.200000.xml downloaded successfully.
2025-06-11 17:11:37,274 [INFO] Removed: /Userdata/proj2025/parsingkpi/kpi_zip\PM.BTS-690503.20250611.200000.xml
2025-06-11 17:11:37,275 [INFO] [chan 0] sftp session closed.
2025-06-11 17:11:37,277 [INFO] Attempt 1/1 to connect to 10.1.16.32
2025-06-11 17:11:37,476 [INFO] Connected (version 2.0, client OpenSSH_8.5)
2025-06-11 17:11:39,118 [INFO] Auth banner: b'\n'
2025-06-11 17:11:39,119 [INFO] Authentication (password) successful!
2025-06-11 17:11:39,954 [INFO] [chan 0] Opened sftp connection (server version 3)
2025-06-11 17:11:39,955 [INFO] Connecting to server 10.1.16.32...
2025-06-11 17:11:40,300 [INFO] Downloading PM.BTS-690513.20250611.200000.LTE.raw.gz as PM.BTS-690513.20250611.200000.xml...
2025-06-11 17:11:40,888 [INFO] File PM.BTS-690513.20250611.200000.xml downloaded successfully.
2025-06-11 17:11:40,917 [INFO] Removed: /Userdata/proj2025/parsingkpi/kpi_zip\PM.BTS-690513.20250611.200000.xml
2025-06-11 17:11:40,917 [INFO] [chan 0] sftp session closed.
2025-06-11 17:11:40,919 [INFO] Attempt 1/1 to connect to 10.1.30.2
2025-06-11 17:11:41,557 [INFO] Connected (version 2.0, client OpenSSH_8.5)
2025-06-11 17:11:42,086 [INFO] Auth banner: b'\n'
2025-06-11 17:11:42,087 [INFO] Authentication (password) successful!
2025-06-11 17:11:42,988 [INFO] [chan 0] Opened sftp connection (server version 3)
2025-06-11 17:11:42,989 [INFO] Connecting to server 10.1.30.2...
2025-06-11 17:11:43,304 [INFO] Downloading PM.BTS-771801.20250611.200000.LTE.raw.gz as PM.BTS-771801.20250611.200000.xml...
2025-06-11 17:11:43,971 [INFO] File PM.BTS-771801.20250611.200000.xml downloaded successfully.
2025-06-11 17:11:43,994 [INFO] Removed: /Userdata/proj2025/parsingkpi/kpi_zip\PM.BTS-771801.20250611.200000.xml
2025-06-11 17:11:43,995 [INFO] [chan 0] sftp session closed.
2025-06-11 17:11:43,996 [INFO] Attempt 1/1 to connect to 10.1.35.2
2025-06-11 17:11:44,146 [INFO] Connected (version 2.0, client OpenSSH_8.5)
2025-06-11 17:11:44,533 [INFO] Auth banner: b'\n'
2025-06-11 17:11:44,534 [INFO] Authentication (password) successful!
2025-06-11 17:11:45,259 [INFO] [chan 0] Opened sftp connection (server version 3)
2025-06-11 17:11:45,260 [INFO] Connecting to server 10.1.35.2...
2025-06-11 17:11:45,542 [INFO] Downloading PM.BTS-341601.20250611.200000.LTE.raw.gz as PM.BTS-341601.20250611.200000.xml...
2025-06-11 17:11:45,957 [INFO] File PM.BTS-341601.20250611.200000.xml downloaded successfully.
2025-06-11 17:11:45,984 [INFO] Removed: /Userdata/proj2025/parsingkpi/kpi_zip\PM.BTS-341601.20250611.200000.xml
2025-06-11 17:11:45,984 [INFO] [chan 0] sftp session closed.
2025-06-11 17:11:45,986 [INFO] Attempt 1/1 to connect to 10.1.36.10
2025-06-11 17:11:46,174 [INFO] Connected (version 2.0, client OpenSSH_8.5)
2025-06-11 17:11:46,667 [INFO] Auth banner: b'\n'
2025-06-11 17:11:46,667 [INFO] Authentication (password) successful!
2025-06-11 17:11:47,437 [INFO] [chan 0] Opened sftp connection (server version 3)
2025-06-11 17:11:47,438 [INFO] Connecting to server 10.1.36.10...
2025-06-11 17:11:47,780 [INFO] Downloading PM.BTS-621901.20250611.200000.LTE.raw.gz as PM.BTS-621901.20250611.200000.xml...
2025-06-11 17:11:48,360 [INFO] File PM.BTS-621901.20250611.200000.xml downloaded successfully.
2025-06-11 17:11:48,381 [INFO] Removed: /Userdata/proj2025/parsingkpi/kpi_zip\PM.BTS-621901.20250611.200000.xml
2025-06-11 17:11:48,382 [INFO] [chan 0] sftp session closed.
2025-06-11 17:11:48,384 [INFO] Attempt 1/1 to connect to 10.1.60.2
2025-06-11 17:11:48,544 [INFO] Connected (version 2.0, client OpenSSH_8.5)
2025-06-11 17:11:49,010 [INFO] Auth banner: b'\n'
2025-06-11 17:11:49,011 [INFO] Authentication (password) successful!
2025-06-11 17:11:49,740 [INFO] [chan 0] Opened sftp connection (server version 3)
2025-06-11 17:11:49,740 [INFO] Connecting to server 10.1.60.2...
2025-06-11 17:11:50,042 [INFO] Downloading PM.BTS-772601.20250611.200000.LTE.raw.gz as PM.BTS-772601.20250611.200000.xml...
2025-06-11 17:11:50,574 [INFO] File PM.BTS-772601.20250611.200000.xml downloaded successfully.
2025-06-11 17:11:50,598 [INFO] Removed: /Userdata/proj2025/parsingkpi/kpi_zip\PM.BTS-772601.20250611.200000.xml
2025-06-11 17:11:50,598 [INFO] [chan 0] sftp session closed.
2025-06-11 17:11:50,600 [INFO] Attempt 1/1 to connect to 10.1.5.2
2025-06-11 17:11:50,792 [INFO] Connected (version 2.0, client OpenSSH_8.5)
2025-06-11 17:11:51,276 [INFO] Auth banner: b'\n'
2025-06-11 17:11:51,276 [INFO] Authentication (password) successful!
2025-06-11 17:11:51,641 [INFO] [chan 0] Opened sftp connection (server version 3)
2025-06-11 17:11:51,642 [INFO] Connecting to server 10.1.5.2...
2025-06-11 17:11:51,994 [INFO] Downloading PM.BTS-690204.20250611.200000.LTE.raw.gz as PM.BTS-690204.20250611.200000.xml...
2025-06-11 17:11:52,559 [INFO] File PM.BTS-690204.20250611.200000.xml downloaded successfully.
2025-06-11 17:11:52,580 [INFO] Removed: /Userdata/proj2025/parsingkpi/kpi_zip\PM.BTS-690204.20250611.200000.xml
2025-06-11 17:11:52,581 [INFO] [chan 0] sftp session closed.
2025-06-11 17:11:52,621 [INFO] Processing file: /Userdata/proj2025/parsingkpi/kpi_files\PM.BTS-341601.20250611.200000.xml
2025-06-11 17:11:55,950 [INFO] Processing file: /Userdata/proj2025/parsingkpi/kpi_files\PM.BTS-414225.20250611.200000.xml
2025-06-11 17:11:58,652 [INFO] Processing file: /Userdata/proj2025/parsingkpi/kpi_files\PM.BTS-621901.20250611.200000.xml
2025-06-11 17:12:01,435 [INFO] Processing file: /Userdata/proj2025/parsingkpi/kpi_files\PM.BTS-690204.20250611.200000.xml
2025-06-11 17:12:04,367 [INFO] Processing file: /Userdata/proj2025/parsingkpi/kpi_files\PM.BTS-690501.20250611.200000.xml
2025-06-11 17:12:07,136 [INFO] Processing file: /Userdata/proj2025/parsingkpi/kpi_files\PM.BTS-690503.20250611.200000.xml
2025-06-11 17:12:10,010 [INFO] Processing file: /Userdata/proj2025/parsingkpi/kpi_files\PM.BTS-690513.20250611.200000.xml
2025-06-11 17:12:13,028 [INFO] Processing file: /Userdata/proj2025/parsingkpi/kpi_files\PM.BTS-771801.20250611.200000.xml
2025-06-11 17:12:15,898 [INFO] Processing file: /Userdata/proj2025/parsingkpi/kpi_files\PM.BTS-772601.20250611.200000.xml
2025-06-11 17:21:46,814 [INFO] Attempt 1/1 to connect to 10.1.1.2
2025-06-11 17:21:46,980 [INFO] Connected (version 2.0, client OpenSSH_8.5)
2025-06-11 17:21:47,422 [INFO] Auth banner: b'\n'
2025-06-11 17:21:47,423 [INFO] Authentication (password) successful!
2025-06-11 17:21:48,248 [INFO] [chan 0] Opened sftp connection (server version 3)
2025-06-11 17:21:48,248 [INFO] Connecting to server 10.1.1.2...
2025-06-11 17:21:48,527 [INFO] Downloading PM.BTS-660701.20250611.201500.LTE.raw.gz as PM.BTS-660701.20250611.201500.xml...
2025-06-11 17:21:49,021 [INFO] File PM.BTS-660701.20250611.201500.xml downloaded successfully.
2025-06-11 17:21:49,040 [INFO] Removed: /Userdata/proj2025/parsingkpi/kpi_zip\PM.BTS-660701.20250611.201500.xml
2025-06-11 17:21:49,040 [INFO] [chan 0] sftp session closed.
2025-06-11 17:21:49,041 [INFO] Attempt 1/1 to connect to 10.1.101.2
2025-06-11 17:21:49,077 [INFO] Connected (version 2.0, client OpenSSH_8.5)
2025-06-11 17:21:49,183 [INFO] Auth banner: b'\n'
2025-06-11 17:21:49,183 [INFO] Authentication (password) successful!
2025-06-11 17:21:49,795 [INFO] [chan 0] Opened sftp connection (server version 3)
2025-06-11 17:21:49,796 [INFO] Connecting to server 10.1.101.2...
2025-06-11 17:21:49,804 [INFO] Downloading PM.BTS-414225.20250611.201500.LTE.raw.gz as PM.BTS-414225.20250611.201500.xml...
2025-06-11 17:21:49,820 [INFO] File PM.BTS-414225.20250611.201500.xml downloaded successfully.
2025-06-11 17:21:49,844 [INFO] Removed: /Userdata/proj2025/parsingkpi/kpi_zip\PM.BTS-414225.20250611.201500.xml
2025-06-11 17:21:49,845 [INFO] [chan 0] sftp session closed.
2025-06-11 17:21:49,847 [INFO] Attempt 1/1 to connect to 10.1.16.12
2025-06-11 17:21:50,045 [INFO] Connected (version 2.0, client OpenSSH_8.5)
2025-06-11 17:21:50,707 [INFO] Auth banner: b'\n'
2025-06-11 17:21:50,708 [INFO] Authentication (password) successful!
2025-06-11 17:21:51,494 [INFO] [chan 0] Opened sftp connection (server version 3)
2025-06-11 17:21:51,494 [INFO] Connecting to server 10.1.16.12...
2025-06-11 17:21:51,859 [INFO] Downloading PM.BTS-690501.20250611.201500.LTE.raw.gz as PM.BTS-690501.20250611.201500.xml...
2025-06-11 17:21:52,438 [INFO] File PM.BTS-690501.20250611.201500.xml downloaded successfully.
2025-06-11 17:21:52,469 [INFO] Removed: /Userdata/proj2025/parsingkpi/kpi_zip\PM.BTS-690501.20250611.201500.xml
2025-06-11 17:21:52,469 [INFO] [chan 0] sftp session closed.
2025-06-11 17:21:52,471 [INFO] Attempt 1/1 to connect to 10.1.16.31
2025-06-11 17:21:52,678 [INFO] Connected (version 2.0, client OpenSSH_8.5)
2025-06-11 17:21:53,214 [INFO] Auth banner: b'\n'
2025-06-11 17:21:53,215 [INFO] Authentication (password) successful!
2025-06-11 17:21:54,133 [INFO] [chan 0] Opened sftp connection (server version 3)
2025-06-11 17:21:54,133 [INFO] Connecting to server 10.1.16.31...
2025-06-11 17:21:54,819 [INFO] Downloading PM.BTS-690503.20250611.201500.LTE.raw.gz as PM.BTS-690503.20250611.201500.xml...
2025-06-11 17:21:55,846 [INFO] File PM.BTS-690503.20250611.201500.xml downloaded successfully.
2025-06-11 17:21:55,870 [INFO] Removed: /Userdata/proj2025/parsingkpi/kpi_zip\PM.BTS-690503.20250611.201500.xml
2025-06-11 17:21:55,870 [INFO] [chan 0] sftp session closed.
2025-06-11 17:21:55,872 [INFO] Attempt 1/1 to connect to 10.1.16.32
2025-06-11 17:21:56,079 [INFO] Connected (version 2.0, client OpenSSH_8.5)
2025-06-11 17:21:56,593 [INFO] Auth banner: b'\n'
2025-06-11 17:21:56,594 [INFO] Authentication (password) successful!
2025-06-11 17:21:57,483 [INFO] [chan 0] Opened sftp connection (server version 3)
2025-06-11 17:21:57,484 [INFO] Connecting to server 10.1.16.32...
2025-06-11 17:21:58,182 [INFO] Downloading PM.BTS-690513.20250611.201500.LTE.raw.gz as PM.BTS-690513.20250611.201500.xml...
2025-06-11 17:22:00,111 [INFO] File PM.BTS-690513.20250611.201500.xml downloaded successfully.
2025-06-11 17:22:00,139 [INFO] Removed: /Userdata/proj2025/parsingkpi/kpi_zip\PM.BTS-690513.20250611.201500.xml
2025-06-11 17:22:00,139 [INFO] [chan 0] sftp session closed.
2025-06-11 17:22:00,141 [INFO] Attempt 1/1 to connect to 10.1.30.2
2025-06-11 17:22:00,318 [INFO] Connected (version 2.0, client OpenSSH_8.5)
2025-06-11 17:22:00,835 [INFO] Auth banner: b'\n'
2025-06-11 17:22:00,836 [INFO] Authentication (password) successful!
2025-06-11 17:22:01,759 [INFO] [chan 0] Opened sftp connection (server version 3)
2025-06-11 17:22:01,759 [INFO] Connecting to server 10.1.30.2...
2025-06-11 17:22:02,214 [INFO] Downloading PM.BTS-771801.20250611.201500.LTE.raw.gz as PM.BTS-771801.20250611.201500.xml...
2025-06-11 17:22:02,788 [INFO] File PM.BTS-771801.20250611.201500.xml downloaded successfully.
2025-06-11 17:22:02,816 [INFO] Removed: /Userdata/proj2025/parsingkpi/kpi_zip\PM.BTS-771801.20250611.201500.xml
2025-06-11 17:22:02,816 [INFO] [chan 0] sftp session closed.
2025-06-11 17:22:02,818 [INFO] Attempt 1/1 to connect to 10.1.35.2
2025-06-11 17:22:02,967 [INFO] Connected (version 2.0, client OpenSSH_8.5)
2025-06-11 17:22:03,362 [INFO] Auth banner: b'\n'
2025-06-11 17:22:03,362 [INFO] Authentication (password) successful!
2025-06-11 17:22:04,108 [INFO] [chan 0] Opened sftp connection (server version 3)
2025-06-11 17:22:04,110 [INFO] Connecting to server 10.1.35.2...
2025-06-11 17:22:04,368 [INFO] Downloading PM.BTS-341601.20250611.201500.LTE.raw.gz as PM.BTS-341601.20250611.201500.xml...
2025-06-11 17:22:04,793 [INFO] File PM.BTS-341601.20250611.201500.xml downloaded successfully.
2025-06-11 17:22:04,822 [INFO] Removed: /Userdata/proj2025/parsingkpi/kpi_zip\PM.BTS-341601.20250611.201500.xml
2025-06-11 17:22:04,824 [INFO] [chan 0] sftp session closed.
2025-06-11 17:22:04,825 [INFO] Attempt 1/1 to connect to 10.1.36.10
2025-06-11 17:22:05,001 [INFO] Connected (version 2.0, client OpenSSH_8.5)
2025-06-11 17:22:05,499 [INFO] Auth banner: b'\n'
2025-06-11 17:22:05,500 [INFO] Authentication (password) successful!
2025-06-11 17:22:06,258 [INFO] [chan 0] Opened sftp connection (server version 3)
2025-06-11 17:22:06,258 [INFO] Connecting to server 10.1.36.10...
2025-06-11 17:22:06,611 [INFO] Downloading PM.BTS-621901.20250611.201500.LTE.raw.gz as PM.BTS-621901.20250611.201500.xml...
2025-06-11 17:22:07,204 [INFO] File PM.BTS-621901.20250611.201500.xml downloaded successfully.
2025-06-11 17:22:07,229 [INFO] Removed: /Userdata/proj2025/parsingkpi/kpi_zip\PM.BTS-621901.20250611.201500.xml
2025-06-11 17:22:07,229 [INFO] [chan 0] sftp session closed.
2025-06-11 17:22:07,230 [INFO] Attempt 1/1 to connect to 10.1.60.2
2025-06-11 17:22:07,403 [INFO] Connected (version 2.0, client OpenSSH_8.5)
2025-06-11 17:22:07,916 [INFO] Auth banner: b'\n'
2025-06-11 17:22:07,917 [INFO] Authentication (password) successful!
2025-06-11 17:22:08,772 [INFO] [chan 0] Opened sftp connection (server version 3)
2025-06-11 17:22:08,773 [INFO] Connecting to server 10.1.60.2...
2025-06-11 17:22:09,115 [INFO] Downloading PM.BTS-772601.20250611.201500.LTE.raw.gz as PM.BTS-772601.20250611.201500.xml...
2025-06-11 17:22:09,708 [INFO] File PM.BTS-772601.20250611.201500.xml downloaded successfully.
2025-06-11 17:22:09,730 [INFO] Removed: /Userdata/proj2025/parsingkpi/kpi_zip\PM.BTS-772601.20250611.201500.xml
2025-06-11 17:22:09,730 [INFO] [chan 0] sftp session closed.
2025-06-11 17:22:09,732 [INFO] Attempt 1/1 to connect to 10.1.5.2
2025-06-11 17:22:24,964 [INFO] Connected (version 2.0, client OpenSSH_8.5)
2025-06-11 17:22:25,476 [INFO] Auth banner: b'\n'
2025-06-11 17:22:25,477 [INFO] Authentication (password) successful!
2025-06-11 17:22:25,857 [INFO] [chan 0] Opened sftp connection (server version 3)
2025-06-11 17:22:25,858 [INFO] Connecting to server 10.1.5.2...
2025-06-11 17:22:26,235 [INFO] Downloading PM.BTS-690204.20250611.201500.LTE.raw.gz as PM.BTS-690204.20250611.201500.xml...
2025-06-11 17:22:26,932 [INFO] File PM.BTS-690204.20250611.201500.xml downloaded successfully.
2025-06-11 17:22:26,957 [INFO] Removed: /Userdata/proj2025/parsingkpi/kpi_zip\PM.BTS-690204.20250611.201500.xml
2025-06-11 17:22:26,957 [INFO] [chan 0] sftp session closed.
2025-06-11 17:22:26,978 [INFO] Processing file: /Userdata/proj2025/parsingkpi/kpi_files\PM.BTS-341601.20250611.201500.xml
2025-06-11 17:22:29,879 [INFO] Processing file: /Userdata/proj2025/parsingkpi/kpi_files\PM.BTS-414225.20250611.201500.xml
2025-06-11 17:22:32,758 [INFO] Processing file: /Userdata/proj2025/parsingkpi/kpi_files\PM.BTS-621901.20250611.201500.xml
2025-06-11 17:22:35,599 [INFO] Processing file: /Userdata/proj2025/parsingkpi/kpi_files\PM.BTS-660701.20250611.201500.xml
2025-06-11 17:22:37,852 [INFO] Processing file: /Userdata/proj2025/parsingkpi/kpi_files\PM.BTS-690204.20250611.201500.xml
2025-06-11 17:22:40,405 [INFO] Processing file: /Userdata/proj2025/parsingkpi/kpi_files\PM.BTS-690501.20250611.201500.xml
2025-06-11 17:22:42,823 [INFO] Processing file: /Userdata/proj2025/parsingkpi/kpi_files\PM.BTS-690503.20250611.201500.xml
2025-06-11 17:22:45,214 [INFO] Processing file: /Userdata/proj2025/parsingkpi/kpi_files\PM.BTS-690513.20250611.201500.xml
2025-06-11 17:22:47,184 [INFO] Processing file: /Userdata/proj2025/parsingkpi/kpi_files\PM.BTS-771801.20250611.201500.xml
2025-06-11 17:22:49,221 [INFO] Processing file: /Userdata/proj2025/parsingkpi/kpi_files\PM.BTS-772601.20250611.201500.xml
2025-06-11 17:25:10,545 [INFO] Attempt 1/1 to connect to 10.1.1.2
2025-06-11 17:25:10,713 [INFO] Connected (version 2.0, client OpenSSH_8.5)
2025-06-11 17:25:11,156 [INFO] Auth banner: b'\n'
2025-06-11 17:25:11,156 [INFO] Authentication (password) successful!
2025-06-11 17:25:12,021 [INFO] [chan 0] Opened sftp connection (server version 3)
2025-06-11 17:25:12,021 [INFO] Connecting to server 10.1.1.2...
2025-06-11 17:25:12,299 [INFO] Downloading PM.BTS-660701.20250611.201500.LTE.raw.gz as PM.BTS-660701.20250611.201500.xml...
2025-06-11 17:25:12,861 [INFO] File PM.BTS-660701.20250611.201500.xml downloaded successfully.
2025-06-11 17:25:12,879 [INFO] Removed: /Userdata/proj2025/parsingkpi/kpi_zip\PM.BTS-660701.20250611.201500.xml
2025-06-11 17:25:12,880 [INFO] [chan 0] sftp session closed.
2025-06-11 17:25:12,881 [INFO] Attempt 1/1 to connect to 10.1.101.2
2025-06-11 17:25:12,914 [INFO] Connected (version 2.0, client OpenSSH_8.5)
2025-06-11 17:25:13,021 [INFO] Auth banner: b'\n'
2025-06-11 17:25:13,022 [INFO] Authentication (password) successful!
2025-06-11 17:25:13,643 [INFO] [chan 0] Opened sftp connection (server version 3)
2025-06-11 17:25:13,643 [INFO] Connecting to server 10.1.101.2...
2025-06-11 17:25:13,651 [INFO] Downloading PM.BTS-414225.20250611.201500.LTE.raw.gz as PM.BTS-414225.20250611.201500.xml...
2025-06-11 17:25:13,662 [INFO] File PM.BTS-414225.20250611.201500.xml downloaded successfully.
2025-06-11 17:25:13,685 [INFO] Removed: /Userdata/proj2025/parsingkpi/kpi_zip\PM.BTS-414225.20250611.201500.xml
2025-06-11 17:25:13,686 [INFO] [chan 0] sftp session closed.
2025-06-11 17:25:13,687 [INFO] Attempt 1/1 to connect to 10.1.16.12
2025-06-11 17:25:13,878 [INFO] Connected (version 2.0, client OpenSSH_8.5)
2025-06-11 17:25:14,413 [INFO] Auth banner: b'\n'
2025-06-11 17:25:14,414 [INFO] Authentication (password) successful!
2025-06-11 17:25:15,197 [INFO] [chan 0] Opened sftp connection (server version 3)
2025-06-11 17:25:15,198 [INFO] Connecting to server 10.1.16.12...
2025-06-11 17:25:15,563 [INFO] Downloading PM.BTS-690501.20250611.201500.LTE.raw.gz as PM.BTS-690501.20250611.201500.xml...
2025-06-11 17:25:16,167 [INFO] File PM.BTS-690501.20250611.201500.xml downloaded successfully.
2025-06-11 17:25:16,193 [INFO] Removed: /Userdata/proj2025/parsingkpi/kpi_zip\PM.BTS-690501.20250611.201500.xml
2025-06-11 17:25:16,193 [INFO] [chan 0] sftp session closed.
2025-06-11 17:25:16,194 [INFO] Attempt 1/1 to connect to 10.1.16.31
2025-06-11 17:25:16,397 [INFO] Connected (version 2.0, client OpenSSH_8.5)
2025-06-11 17:25:16,941 [INFO] Auth banner: b'\n'
2025-06-11 17:25:16,942 [INFO] Authentication (password) successful!
2025-06-11 17:25:17,843 [INFO] [chan 0] Opened sftp connection (server version 3)
2025-06-11 17:25:17,844 [INFO] Connecting to server 10.1.16.31...
2025-06-11 17:25:18,206 [INFO] Downloading PM.BTS-690503.20250611.201500.LTE.raw.gz as PM.BTS-690503.20250611.201500.xml...
2025-06-11 17:25:18,867 [INFO] File PM.BTS-690503.20250611.201500.xml downloaded successfully.
2025-06-11 17:25:18,891 [INFO] Removed: /Userdata/proj2025/parsingkpi/kpi_zip\PM.BTS-690503.20250611.201500.xml
2025-06-11 17:25:18,892 [INFO] [chan 0] sftp session closed.
2025-06-11 17:25:18,892 [INFO] Attempt 1/1 to connect to 10.1.16.32
2025-06-11 17:25:19,091 [INFO] Connected (version 2.0, client OpenSSH_8.5)
2025-06-11 17:25:19,596 [INFO] Auth banner: b'\n'
2025-06-11 17:25:19,598 [INFO] Authentication (password) successful!
2025-06-11 17:25:20,533 [INFO] [chan 0] Opened sftp connection (server version 3)
2025-06-11 17:25:20,534 [INFO] Connecting to server 10.1.16.32...
2025-06-11 17:25:20,923 [INFO] Downloading PM.BTS-690513.20250611.201500.LTE.raw.gz as PM.BTS-690513.20250611.201500.xml...
2025-06-11 17:25:21,523 [INFO] File PM.BTS-690513.20250611.201500.xml downloaded successfully.
2025-06-11 17:25:21,551 [INFO] Removed: /Userdata/proj2025/parsingkpi/kpi_zip\PM.BTS-690513.20250611.201500.xml
2025-06-11 17:25:21,551 [INFO] [chan 0] sftp session closed.
2025-06-11 17:25:21,552 [INFO] Attempt 1/1 to connect to 10.1.30.2
2025-06-11 17:25:21,734 [INFO] Connected (version 2.0, client OpenSSH_8.5)
2025-06-11 17:25:22,264 [INFO] Auth banner: b'\n'
2025-06-11 17:25:22,264 [INFO] Authentication (password) successful!
2025-06-11 17:25:23,165 [INFO] [chan 0] Opened sftp connection (server version 3)
2025-06-11 17:25:23,166 [INFO] Connecting to server 10.1.30.2...
2025-06-11 17:25:23,533 [INFO] Downloading PM.BTS-771801.20250611.201500.LTE.raw.gz as PM.BTS-771801.20250611.201500.xml...
2025-06-11 17:25:24,152 [INFO] File PM.BTS-771801.20250611.201500.xml downloaded successfully.
2025-06-11 17:25:24,184 [INFO] Removed: /Userdata/proj2025/parsingkpi/kpi_zip\PM.BTS-771801.20250611.201500.xml
2025-06-11 17:25:24,184 [INFO] [chan 0] sftp session closed.
2025-06-11 17:25:24,185 [INFO] Attempt 1/1 to connect to 10.1.35.2
2025-06-11 17:25:24,332 [INFO] Connected (version 2.0, client OpenSSH_8.5)
2025-06-11 17:25:24,739 [INFO] Auth banner: b'\n'
2025-06-11 17:25:24,740 [INFO] Authentication (password) successful!
2025-06-11 17:25:25,480 [INFO] [chan 0] Opened sftp connection (server version 3)
2025-06-11 17:25:25,480 [INFO] Connecting to server 10.1.35.2...
2025-06-11 17:25:25,763 [INFO] Downloading PM.BTS-341601.20250611.201500.LTE.raw.gz as PM.BTS-341601.20250611.201500.xml...
2025-06-11 17:25:26,217 [INFO] File PM.BTS-341601.20250611.201500.xml downloaded successfully.
2025-06-11 17:25:26,244 [INFO] Removed: /Userdata/proj2025/parsingkpi/kpi_zip\PM.BTS-341601.20250611.201500.xml
2025-06-11 17:25:26,244 [INFO] [chan 0] sftp session closed.
2025-06-11 17:25:26,244 [INFO] Attempt 1/1 to connect to 10.1.36.10
2025-06-11 17:25:26,445 [INFO] Connected (version 2.0, client OpenSSH_8.5)
2025-06-11 17:25:26,951 [INFO] Auth banner: b'\n'
2025-06-11 17:25:26,953 [INFO] Authentication (password) successful!
2025-06-11 17:25:27,726 [INFO] [chan 0] Opened sftp connection (server version 3)
2025-06-11 17:25:27,727 [INFO] Connecting to server 10.1.36.10...
2025-06-11 17:25:28,085 [INFO] Downloading PM.BTS-621901.20250611.201500.LTE.raw.gz as PM.BTS-621901.20250611.201500.xml...
2025-06-11 17:25:28,665 [INFO] File PM.BTS-621901.20250611.201500.xml downloaded successfully.
2025-06-11 17:25:28,683 [INFO] Removed: /Userdata/proj2025/parsingkpi/kpi_zip\PM.BTS-621901.20250611.201500.xml
2025-06-11 17:25:28,684 [INFO] [chan 0] sftp session closed.
2025-06-11 17:25:28,685 [INFO] Attempt 1/1 to connect to 10.1.60.2
2025-06-11 17:25:28,920 [INFO] Connected (version 2.0, client OpenSSH_8.5)
2025-06-11 17:25:29,487 [INFO] Auth banner: b'\n'
2025-06-11 17:25:29,488 [INFO] Authentication (password) successful!
2025-06-11 17:25:30,372 [INFO] [chan 0] Opened sftp connection (server version 3)
2025-06-11 17:25:30,373 [INFO] Connecting to server 10.1.60.2...
2025-06-11 17:25:30,849 [INFO] Downloading PM.BTS-772601.20250611.201500.LTE.raw.gz as PM.BTS-772601.20250611.201500.xml...
2025-06-11 17:25:31,516 [INFO] File PM.BTS-772601.20250611.201500.xml downloaded successfully.
2025-06-11 17:25:31,536 [INFO] Removed: /Userdata/proj2025/parsingkpi/kpi_zip\PM.BTS-772601.20250611.201500.xml
2025-06-11 17:25:31,537 [INFO] [chan 0] sftp session closed.
2025-06-11 17:25:31,539 [INFO] Attempt 1/1 to connect to 10.1.5.2
2025-06-11 17:25:31,761 [INFO] Connected (version 2.0, client OpenSSH_8.5)
2025-06-11 17:25:32,322 [INFO] Auth banner: b'\n'
2025-06-11 17:25:32,322 [INFO] Authentication (password) successful!
2025-06-11 17:25:32,852 [INFO] [chan 0] Opened sftp connection (server version 3)
2025-06-11 17:25:32,853 [INFO] Connecting to server 10.1.5.2...
2025-06-11 17:25:33,182 [INFO] Downloading PM.BTS-690204.20250611.201500.LTE.raw.gz as PM.BTS-690204.20250611.201500.xml...
2025-06-11 17:25:33,767 [INFO] File PM.BTS-690204.20250611.201500.xml downloaded successfully.
2025-06-11 17:25:33,785 [INFO] Removed: /Userdata/proj2025/parsingkpi/kpi_zip\PM.BTS-690204.20250611.201500.xml
2025-06-11 17:25:33,785 [INFO] [chan 0] sftp session closed.
2025-06-11 17:25:33,814 [INFO] Processing file: /Userdata/proj2025/parsingkpi/kpi_files\PM.BTS-341601.20250611.201500.xml
2025-06-11 17:25:36,594 [INFO] Processing file: /Userdata/proj2025/parsingkpi/kpi_files\PM.BTS-414225.20250611.201500.xml
2025-06-11 17:25:39,354 [INFO] Processing file: /Userdata/proj2025/parsingkpi/kpi_files\PM.BTS-621901.20250611.201500.xml
2025-06-11 17:25:42,636 [INFO] Processing file: /Userdata/proj2025/parsingkpi/kpi_files\PM.BTS-660701.20250611.201500.xml
2025-06-11 17:25:45,411 [INFO] Processing file: /Userdata/proj2025/parsingkpi/kpi_files\PM.BTS-690204.20250611.201500.xml
2025-06-11 17:25:48,695 [INFO] Processing file: /Userdata/proj2025/parsingkpi/kpi_files\PM.BTS-690501.20250611.201500.xml
2025-06-11 17:25:51,804 [INFO] Processing file: /Userdata/proj2025/parsingkpi/kpi_files\PM.BTS-690503.20250611.201500.xml
2025-06-11 17:25:54,461 [INFO] Processing file: /Userdata/proj2025/parsingkpi/kpi_files\PM.BTS-690513.20250611.201500.xml
2025-06-11 17:25:57,068 [INFO] Processing file: /Userdata/proj2025/parsingkpi/kpi_files\PM.BTS-771801.20250611.201500.xml
2025-06-11 17:25:59,343 [INFO] Processing file: /Userdata/proj2025/parsingkpi/kpi_files\PM.BTS-772601.20250611.201500.xml
